<?xml version="1.0" encoding="utf-8"?>
<CoverageSession xmlns:xsd="http://www.w3.org/2001/XMLSchema" xmlns:xsi="http://www.w3.org/2001/XMLSchema-instance" Version="0.0.0.0">
  <Summary numSequencePoints="41" visitedSequencePoints="41" numBranchPoints="0" visitedBranchPoints="0" sequenceCoverage="100.0" branchCoverage="0.0" maxCyclomaticComplexity="0" minCyclomaticComplexity="0" maxCrapScore="0" minCrapScore="0" visitedClasses="2" numClasses="2" visitedMethods="13" numMethods="13" />
  <Modules>
    <Module>
      <Summary numSequencePoints="41" visitedSequencePoints="41" numBranchPoints="0" visitedBranchPoints="0" sequenceCoverage="100.0" branchCoverage="0.0" maxCyclomaticComplexity="0" minCyclomaticComplexity="0" maxCrapScore="0" minCrapScore="0" visitedClasses="2" numClasses="2" visitedMethods="13" numMethods="13" />
      <ModuleTime>0001-01-01T00:00:00</ModuleTime>
      <ModuleName>Game.Runtime</ModuleName>
      <Files>
        <File uid="1" fullPath="D:/workspace/Frogger/Assets/Scripts/Zones/StartZone/StartZoneModel.cs" />
        <File uid="2" fullPath="D:/workspace/Frogger/Assets/Scripts/Zones/StartZone/StartZonePresenter.cs" />
        <File uid="3" fullPath="D:/workspace/Frogger/Assets/Scripts/Zones/StartZone/StartZoneView.cs" />
        <File uid="4" fullPath="D:/workspace/Frogger/Assets/Scripts/Zones/EndZone/EndZonePresenter.cs" />
        <File uid="5" fullPath="D:/workspace/Frogger/Assets/Scripts/Zones/EndZone/EndZoneView.cs" />
        <File uid="6" fullPath="D:/workspace/Frogger/Assets/Scripts/Utils/CameraHandler.cs" />
        <File uid="7" fullPath="D:/workspace/Frogger/Assets/Scripts/Utils/EndGameState.cs" />
        <File uid="8" fullPath="D:/workspace/Frogger/Assets/Scripts/Utils/InputHandler.cs" />
        <File uid="9" fullPath="D:/workspace/Frogger/Assets/Scripts/UI/MainMenu/MainMenuManager.cs" />
        <File uid="10" fullPath="D:/workspace/Frogger/Assets/Scripts/UI/MainMenu/MainMenuPresenter.cs" />
        <File uid="11" fullPath="D:/workspace/Frogger/Assets/Scripts/UI/MainMenu/MainMenuView.cs" />
        <File uid="12" fullPath="D:/workspace/Frogger/Assets/Scripts/UI/EndGame/EndGameManager.cs" />
        <File uid="13" fullPath="D:/workspace/Frogger/Assets/Scripts/UI/EndGame/EndGameModel.cs" />
        <File uid="14" fullPath="D:/workspace/Frogger/Assets/Scripts/UI/EndGame/EndGamePresenter.cs" />
        <File uid="15" fullPath="D:/workspace/Frogger/Assets/Scripts/UI/EndGame/EndGameView.cs" />
        <File uid="16" fullPath="D:/workspace/Frogger/Assets/Scripts/Timer/TimerModel.cs" />
        <File uid="17" fullPath="D:/workspace/Frogger/Assets/Scripts/Timer/TimerPresenter.cs" />
        <File uid="18" fullPath="D:/workspace/Frogger/Assets/Scripts/Timer/TimerView.cs" />
        <File uid="19" fullPath="D:/workspace/Frogger/Assets/Scripts/Player/PlayerModel.cs" />
        <File uid="20" fullPath="D:/workspace/Frogger/Assets/Scripts/Player/PlayerPresenter.cs" />
        <File uid="21" fullPath="D:/workspace/Frogger/Assets/Scripts/Player/PlayerView.cs" />
        <File uid="22" fullPath="D:/workspace/Frogger/Assets/Scripts/Core/AudioManager.cs" />
        <File uid="23" fullPath="D:/workspace/Frogger/Assets/Scripts/Core/GameManager.cs" />
        <File uid="24" fullPath="D:/workspace/Frogger/Assets/Scripts/Cars/Spawner/CarSpawnerData.cs" />
        <File uid="25" fullPath="D:/workspace/Frogger/Assets/Scripts/Cars/Spawner/CarSpawnerModel.cs" />
        <File uid="26" fullPath="D:/workspace/Frogger/Assets/Scripts/Cars/Spawner/CarSpawnerPresenter.cs" />
        <File uid="27" fullPath="D:/workspace/Frogger/Assets/Scripts/Cars/Spawner/CarSpawnerView.cs" />
        <File uid="28" fullPath="D:/workspace/Frogger/Assets/Scripts/Cars/Car/CarModel.cs" />
        <File uid="29" fullPath="D:/workspace/Frogger/Assets/Scripts/Cars/Car/CarPresenter.cs" />
        <File uid="30" fullPath="D:/workspace/Frogger/Assets/Scripts/Cars/Car/CarView.cs" />
      </Files>
      <Classes>
        <Class>
          <Summary numSequencePoints="15" visitedSequencePoints="15" numBranchPoints="0" visitedBranchPoints="0" sequenceCoverage="100.0" branchCoverage="0.0" maxCyclomaticComplexity="0" minCyclomaticComplexity="0" maxCrapScore="0" minCrapScore="0" visitedClasses="1" numClasses="1" visitedMethods="8" numMethods="8" />
          <FullName>Cars.Car.CarModel</FullName>
          <Methods>
            <Method visited="true" cyclomaticComplexity="0" nPathComplexity="0" sequenceCoverage="100.0" branchCoverage="0" crapScore="0" isConstructor="false" isStatic="false" isGetter="true" isSetter="false">
              <Summary numSequencePoints="1" visitedSequencePoints="1" numBranchPoints="0" visitedBranchPoints="0" sequenceCoverage="100.0" branchCoverage="0" maxCyclomaticComplexity="0" minCyclomaticComplexity="0" maxCrapScore="0" minCrapScore="0" visitedClasses="0" numClasses="0" visitedMethods="1" numMethods="1" />
              <MetadataToken>100663439</MetadataToken>
              <Name>UnityEngine.Vector2 Cars.Car.CarModel::get_Position()</Name>
              <FileRef uid="28" />
              <SequencePoints>
                <SequencePoint vc="9" uspid="1050" ordinal="0" offset="0" sl="7" sc="35" el="7" ec="35" bec="0" bev="0" fileid="28" />
              </SequencePoints>
              <BranchPoints />
            </Method>
            <Method visited="true" cyclomaticComplexity="0" nPathComplexity="0" sequenceCoverage="100.0" branchCoverage="0" crapScore="0" isConstructor="false" isStatic="false" isGetter="false" isSetter="true">
              <Summary numSequencePoints="1" visitedSequencePoints="1" numBranchPoints="0" visitedBranchPoints="0" sequenceCoverage="100.0" branchCoverage="0" maxCyclomaticComplexity="0" minCyclomaticComplexity="0" maxCrapScore="0" minCrapScore="0" visitedClasses="0" numClasses="0" visitedMethods="1" numMethods="1" />
              <MetadataToken>100663440</MetadataToken>
              <Name>System.Void Cars.Car.CarModel::set_Position(UnityEngine.Vector2)</Name>
              <FileRef uid="28" />
              <SequencePoints>
                <SequencePoint vc="6" uspid="1051" ordinal="0" offset="0" sl="7" sc="40" el="7" ec="40" bec="0" bev="0" fileid="28" />
              </SequencePoints>
              <BranchPoints />
            </Method>
            <Method visited="true" cyclomaticComplexity="0" nPathComplexity="0" sequenceCoverage="100.0" branchCoverage="0" crapScore="0" isConstructor="false" isStatic="false" isGetter="true" isSetter="false">
              <Summary numSequencePoints="1" visitedSequencePoints="1" numBranchPoints="0" visitedBranchPoints="0" sequenceCoverage="100.0" branchCoverage="0" maxCyclomaticComplexity="0" minCyclomaticComplexity="0" maxCrapScore="0" minCrapScore="0" visitedClasses="0" numClasses="0" visitedMethods="1" numMethods="1" />
              <MetadataToken>100663441</MetadataToken>
              <Name>UnityEngine.Vector2 Cars.Car.CarModel::get_MoveDirection()</Name>
              <FileRef uid="28" />
              <SequencePoints>
                <SequencePoint vc="2" uspid="1052" ordinal="0" offset="0" sl="8" sc="40" el="8" ec="40" bec="0" bev="0" fileid="28" />
              </SequencePoints>
              <BranchPoints />
            </Method>
            <Method visited="true" cyclomaticComplexity="0" nPathComplexity="0" sequenceCoverage="100.0" branchCoverage="0" crapScore="0" isConstructor="false" isStatic="false" isGetter="false" isSetter="true">
              <Summary numSequencePoints="1" visitedSequencePoints="1" numBranchPoints="0" visitedBranchPoints="0" sequenceCoverage="100.0" branchCoverage="0" maxCyclomaticComplexity="0" minCyclomaticComplexity="0" maxCrapScore="0" minCrapScore="0" visitedClasses="0" numClasses="0" visitedMethods="1" numMethods="1" />
              <MetadataToken>100663442</MetadataToken>
              <Name>System.Void Cars.Car.CarModel::set_MoveDirection(UnityEngine.Vector2)</Name>
              <FileRef uid="28" />
              <SequencePoints>
                <SequencePoint vc="5" uspid="1053" ordinal="0" offset="0" sl="8" sc="45" el="8" ec="45" bec="0" bev="0" fileid="28" />
              </SequencePoints>
              <BranchPoints />
            </Method>
            <Method visited="true" cyclomaticComplexity="0" nPathComplexity="0" sequenceCoverage="100.0" branchCoverage="0" crapScore="0" isConstructor="false" isStatic="false" isGetter="true" isSetter="false">
              <Summary numSequencePoints="1" visitedSequencePoints="1" numBranchPoints="0" visitedBranchPoints="0" sequenceCoverage="100.0" branchCoverage="0" maxCyclomaticComplexity="0" minCyclomaticComplexity="0" maxCrapScore="0" minCrapScore="0" visitedClasses="0" numClasses="0" visitedMethods="1" numMethods="1" />
              <MetadataToken>100663443</MetadataToken>
              <Name>System.Single Cars.Car.CarModel::get_Speed()</Name>
              <FileRef uid="28" />
              <SequencePoints>
                <SequencePoint vc="2" uspid="1054" ordinal="0" offset="0" sl="9" sc="30" el="9" ec="30" bec="0" bev="0" fileid="28" />
              </SequencePoints>
              <BranchPoints />
            </Method>
            <Method visited="true" cyclomaticComplexity="0" nPathComplexity="0" sequenceCoverage="100.0" branchCoverage="0" crapScore="0" isConstructor="false" isStatic="false" isGetter="false" isSetter="true">
              <Summary numSequencePoints="1" visitedSequencePoints="1" numBranchPoints="0" visitedBranchPoints="0" sequenceCoverage="100.0" branchCoverage="0" maxCyclomaticComplexity="0" minCyclomaticComplexity="0" maxCrapScore="0" minCrapScore="0" visitedClasses="0" numClasses="0" visitedMethods="1" numMethods="1" />
              <MetadataToken>100663444</MetadataToken>
              <Name>System.Void Cars.Car.CarModel::set_Speed(System.Single)</Name>
              <FileRef uid="28" />
              <SequencePoints>
                <SequencePoint vc="5" uspid="1055" ordinal="0" offset="0" sl="9" sc="35" el="9" ec="35" bec="0" bev="0" fileid="28" />
              </SequencePoints>
              <BranchPoints />
            </Method>
            <Method visited="true" cyclomaticComplexity="0" nPathComplexity="0" sequenceCoverage="100.0" branchCoverage="0" crapScore="0" isConstructor="false" isStatic="false" isGetter="false" isSetter="false">
              <Summary numSequencePoints="3" visitedSequencePoints="3" numBranchPoints="0" visitedBranchPoints="0" sequenceCoverage="100.0" branchCoverage="0" maxCyclomaticComplexity="0" minCyclomaticComplexity="0" maxCrapScore="0" minCrapScore="0" visitedClasses="0" numClasses="0" visitedMethods="1" numMethods="1" />
              <MetadataToken>100663446</MetadataToken>
              <Name>System.Void Cars.Car.CarModel::Move(UnityEngine.Vector2)</Name>
              <FileRef uid="28" />
              <SequencePoints>
                <SequencePoint vc="1" uspid="1056" ordinal="0" offset="0" sl="19" sc="9" el="19" ec="9" bec="0" bev="0" fileid="28" />
                <SequencePoint vc="1" uspid="1057" ordinal="0" offset="1" sl="20" sc="13" el="20" ec="13" bec="0" bev="0" fileid="28" />
                <SequencePoint vc="1" uspid="1058" ordinal="0" offset="9" sl="21" sc="9" el="21" ec="9" bec="0" bev="0" fileid="28" />
              </SequencePoints>
              <BranchPoints />
            </Method>
            <Method visited="true" cyclomaticComplexity="0" nPathComplexity="0" sequenceCoverage="100.0" branchCoverage="0" crapScore="0" isConstructor="true" isStatic="false" isGetter="false" isSetter="false">
              <Summary numSequencePoints="6" visitedSequencePoints="6" numBranchPoints="0" visitedBranchPoints="0" sequenceCoverage="100.0" branchCoverage="0" maxCyclomaticComplexity="0" minCyclomaticComplexity="0" maxCrapScore="0" minCrapScore="0" visitedClasses="0" numClasses="0" visitedMethods="1" numMethods="1" />
              <MetadataToken>100663445</MetadataToken>
              <Name>Cars.Car.CarModel::CarModel(UnityEngine.Vector2, UnityEngine.Vector2, System.Single)</Name>
              <FileRef uid="28" />
              <SequencePoints>
                <SequencePoint vc="5" uspid="1059" ordinal="0" offset="0" sl="11" sc="9" el="11" ec="9" bec="0" bev="0" fileid="28" />
                <SequencePoint vc="5" uspid="1060" ordinal="0" offset="7" sl="12" sc="9" el="12" ec="9" bec="0" bev="0" fileid="28" />
                <SequencePoint vc="5" uspid="1061" ordinal="0" offset="8" sl="13" sc="13" el="13" ec="13" bec="0" bev="0" fileid="28" />
                <SequencePoint vc="5" uspid="1062" ordinal="0" offset="16" sl="14" sc="13" el="14" ec="13" bec="0" bev="0" fileid="28" />
                <SequencePoint vc="5" uspid="1063" ordinal="0" offset="30" sl="15" sc="13" el="15" ec="13" bec="0" bev="0" fileid="28" />
                <SequencePoint vc="5" uspid="1064" ordinal="0" offset="38" sl="16" sc="9" el="16" ec="9" bec="0" bev="0" fileid="28" />
              </SequencePoints>
              <BranchPoints />
            </Method>
          </Methods>
        </Class>
        <Class>
          <Summary numSequencePoints="26" visitedSequencePoints="26" numBranchPoints="0" visitedBranchPoints="0" sequenceCoverage="100.0" branchCoverage="0.0" maxCyclomaticComplexity="0" minCyclomaticComplexity="0" maxCrapScore="0" minCrapScore="0" visitedClasses="1" numClasses="1" visitedMethods="5" numMethods="5" />
          <FullName>Cars.Car.CarPresenter</FullName>
          <Methods>
            <Method visited="true" cyclomaticComplexity="0" nPathComplexity="0" sequenceCoverage="100.0" branchCoverage="0" crapScore="0" isConstructor="false" isStatic="false" isGetter="false" isSetter="false">
              <Summary numSequencePoints="7" visitedSequencePoints="7" numBranchPoints="0" visitedBranchPoints="0" sequenceCoverage="100.0" branchCoverage="0" maxCyclomaticComplexity="0" minCyclomaticComplexity="0" maxCrapScore="0" minCrapScore="0" visitedClasses="0" numClasses="0" visitedMethods="1" numMethods="1" />
              <MetadataToken>100663452</MetadataToken>
              <Name>System.Void Cars.Car.CarPresenter::UpdateMovement(System.Single)</Name>
              <FileRef uid="29" />
              <SequencePoints>
                <SequencePoint vc="1" uspid="1065" ordinal="0" offset="0" sl="26" sc="9" el="26" ec="9" bec="0" bev="0" fileid="29" />
                <SequencePoint vc="1" uspid="1066" ordinal="0" offset="1" sl="28" sc="13" el="28" ec="13" bec="0" bev="0" fileid="29" />
                <SequencePoint vc="1" uspid="1067" ordinal="0" offset="31" sl="29" sc="13" el="29" ec="13" bec="0" bev="0" fileid="29" />
                <SequencePoint vc="1" uspid="1068" ordinal="0" offset="43" sl="30" sc="13" el="30" ec="13" bec="0" bev="0" fileid="29" />
                <SequencePoint vc="1" uspid="1069" ordinal="0" offset="51" sl="33" sc="13" el="33" ec="13" bec="0" bev="0" fileid="29" />
                <SequencePoint vc="1" uspid="1070" ordinal="0" offset="64" sl="34" sc="13" el="34" ec="13" bec="0" bev="0" fileid="29" />
                <SequencePoint vc="1" uspid="1071" ordinal="0" offset="87" sl="35" sc="9" el="35" ec="9" bec="0" bev="0" fileid="29" />
              </SequencePoints>
              <BranchPoints />
            </Method>
            <Method visited="true" cyclomaticComplexity="0" nPathComplexity="0" sequenceCoverage="100.0" branchCoverage="0" crapScore="0" isConstructor="false" isStatic="false" isGetter="false" isSetter="false">
              <Summary numSequencePoints="5" visitedSequencePoints="5" numBranchPoints="0" visitedBranchPoints="0" sequenceCoverage="100.0" branchCoverage="0" maxCyclomaticComplexity="0" minCyclomaticComplexity="0" maxCrapScore="0" minCrapScore="0" visitedClasses="0" numClasses="0" visitedMethods="1" numMethods="1" />
              <MetadataToken>100663453</MetadataToken>
              <Name>System.Void Cars.Car.CarPresenter::Dispose()</Name>
              <FileRef uid="29" />
              <SequencePoints>
                <SequencePoint vc="6" uspid="1072" ordinal="0" offset="0" sl="38" sc="9" el="38" ec="9" bec="0" bev="0" fileid="29" />
                <SequencePoint vc="6" uspid="1073" ordinal="0" offset="1" sl="40" sc="13" el="40" ec="13" bec="0" bev="0" fileid="29" />
                <SequencePoint vc="6" uspid="1074" ordinal="0" offset="25" sl="41" sc="13" el="41" ec="13" bec="0" bev="0" fileid="29" />
                <SequencePoint vc="6" uspid="1075" ordinal="0" offset="49" sl="44" sc="13" el="44" ec="13" bec="0" bev="0" fileid="29" />
                <SequencePoint vc="6" uspid="1076" ordinal="0" offset="61" sl="45" sc="9" el="45" ec="9" bec="0" bev="0" fileid="29" />
              </SequencePoints>
              <BranchPoints />
            </Method>
            <Method visited="true" cyclomaticComplexity="0" nPathComplexity="0" sequenceCoverage="100.0" branchCoverage="0" crapScore="0" isConstructor="false" isStatic="false" isGetter="false" isSetter="false">
              <Summary numSequencePoints="3" visitedSequencePoints="3" numBranchPoints="0" visitedBranchPoints="0" sequenceCoverage="100.0" branchCoverage="0" maxCyclomaticComplexity="0" minCyclomaticComplexity="0" maxCrapScore="0" minCrapScore="0" visitedClasses="0" numClasses="0" visitedMethods="1" numMethods="1" />
              <MetadataToken>100663454</MetadataToken>
              <Name>System.Void Cars.Car.CarPresenter::HandleDestructionRequest()</Name>
              <FileRef uid="29" />
              <SequencePoints>
                <SequencePoint vc="1" uspid="1077" ordinal="0" offset="0" sl="48" sc="9" el="48" ec="9" bec="0" bev="0" fileid="29" />
                <SequencePoint vc="1" uspid="1078" ordinal="0" offset="1" sl="49" sc="13" el="49" ec="13" bec="0" bev="0" fileid="29" />
                <SequencePoint vc="1" uspid="1079" ordinal="0" offset="20" sl="50" sc="9" el="50" ec="9" bec="0" bev="0" fileid="29" />
              </SequencePoints>
              <BranchPoints />
            </Method>
            <Method visited="true" cyclomaticComplexity="0" nPathComplexity="0" sequenceCoverage="100.0" branchCoverage="0" crapScore="0" isConstructor="false" isStatic="false" isGetter="false" isSetter="false">
              <Summary numSequencePoints="3" visitedSequencePoints="3" numBranchPoints="0" visitedBranchPoints="0" sequenceCoverage="100.0" branchCoverage="0" maxCyclomaticComplexity="0" minCyclomaticComplexity="0" maxCrapScore="0" minCrapScore="0" visitedClasses="0" numClasses="0" visitedMethods="1" numMethods="1" />
              <MetadataToken>100663455</MetadataToken>
              <Name>System.Void Cars.Car.CarPresenter::HandlePlayerCollision()</Name>
              <FileRef uid="29" />
              <SequencePoints>
                <SequencePoint vc="1" uspid="1080" ordinal="0" offset="0" sl="53" sc="9" el="53" ec="9" bec="0" bev="0" fileid="29" />
                <SequencePoint vc="1" uspid="1081" ordinal="0" offset="1" sl="54" sc="13" el="54" ec="13" bec="0" bev="0" fileid="29" />
                <SequencePoint vc="1" uspid="1082" ordinal="0" offset="20" sl="55" sc="9" el="55" ec="9" bec="0" bev="0" fileid="29" />
              </SequencePoints>
              <BranchPoints />
            </Method>
            <Method visited="true" cyclomaticComplexity="0" nPathComplexity="0" sequenceCoverage="100.0" branchCoverage="0" crapScore="0" isConstructor="true" isStatic="false" isGetter="false" isSetter="false">
              <Summary numSequencePoints="8" visitedSequencePoints="8" numBranchPoints="0" visitedBranchPoints="0" sequenceCoverage="100.0" branchCoverage="0" maxCyclomaticComplexity="0" minCyclomaticComplexity="0" maxCrapScore="0" minCrapScore="0" visitedClasses="0" numClasses="0" visitedMethods="1" numMethods="1" />
              <MetadataToken>100663451</MetadataToken>
              <Name>Cars.Car.CarPresenter::CarPresenter(Cars.Car.CarModel, Cars.Car.ICarView)</Name>
              <FileRef uid="29" />
              <SequencePoints>
                <SequencePoint vc="5" uspid="1083" ordinal="0" offset="0" sl="15" sc="9" el="15" ec="9" bec="0" bev="0" fileid="29" />
                <SequencePoint vc="5" uspid="1084" ordinal="0" offset="7" sl="16" sc="9" el="16" ec="9" bec="0" bev="0" fileid="29" />
                <SequencePoint vc="5" uspid="1085" ordinal="0" offset="8" sl="17" sc="13" el="17" ec="13" bec="0" bev="0" fileid="29" />
                <SequencePoint vc="5" uspid="1086" ordinal="0" offset="15" sl="18" sc="13" el="18" ec="13" bec="0" bev="0" fileid="29" />
                <SequencePoint vc="5" uspid="1087" ordinal="0" offset="22" sl="20" sc="13" el="20" ec="13" bec="0" bev="0" fileid="29" />
                <SequencePoint vc="5" uspid="1088" ordinal="0" offset="46" sl="21" sc="13" el="21" ec="13" bec="0" bev="0" fileid="29" />
                <SequencePoint vc="5" uspid="1089" ordinal="0" offset="70" sl="22" sc="13" el="22" ec="13" bec="0" bev="0" fileid="29" />
                <SequencePoint vc="5" uspid="1090" ordinal="0" offset="93" sl="23" sc="9" el="23" ec="9" bec="0" bev="0" fileid="29" />
              </SequencePoints>
              <BranchPoints />
            </Method>
          </Methods>
        </Class>
      </Classes>
    </Module>
  </Modules>
</CoverageSession>