<?xml version="1.0" encoding="utf-8"?>
<CoverageSession xmlns:xsd="http://www.w3.org/2001/XMLSchema" xmlns:xsi="http://www.w3.org/2001/XMLSchema-instance" Version="0.0.0.0">
  <Summary numSequencePoints="400" visitedSequencePoints="399" numBranchPoints="0" visitedBranchPoints="0" sequenceCoverage="99.75" branchCoverage="0.0" maxCyclomaticComplexity="0" minCyclomaticComplexity="0" maxCrapScore="0" minCrapScore="0" visitedClasses="20" numClasses="20" visitedMethods="125" numMethods="125" />
  <Modules>
    <Module>
      <Summary numSequencePoints="400" visitedSequencePoints="399" numBranchPoints="0" visitedBranchPoints="0" sequenceCoverage="99.75" branchCoverage="0.0" maxCyclomaticComplexity="0" minCyclomaticComplexity="0" maxCrapScore="0" minCrapScore="0" visitedClasses="20" numClasses="20" visitedMethods="125" numMethods="125" />
      <ModuleTime>0001-01-01T00:00:00</ModuleTime>
      <ModuleName>Assembly-CSharp</ModuleName>
      <Files>
        <File uid="1" fullPath="D:/workspace/Frogger/Assets/Utils/InputActions.cs" />
        <File uid="2" fullPath="D:/workspace/Frogger/Assets/Tests/EditMode/Utils/FakeInputHandler.cs" />
        <File uid="3" fullPath="D:/workspace/Frogger/Assets/Tests/EditMode/Player/PlayerPresenterTests.cs" />
        <File uid="4" fullPath="D:/workspace/Frogger/Assets/Tests/EditMode/Player/Mocked/PlayerViewMocked.cs" />
        <File uid="5" fullPath="D:/workspace/Frogger/Assets/Tests/EditMode/Cars/Spawner/CarSpawnerPresenterTests.cs" />
        <File uid="6" fullPath="D:/workspace/Frogger/Assets/Tests/EditMode/Cars/Spawner/Mocked/CarSpawnerDataMocked.cs" />
        <File uid="7" fullPath="D:/workspace/Frogger/Assets/Tests/EditMode/Cars/Spawner/Mocked/FakeCarFactory.cs" />
        <File uid="8" fullPath="D:/workspace/Frogger/Assets/Tests/EditMode/Cars/Car/CarPresenterTests.cs" />
        <File uid="9" fullPath="D:/workspace/Frogger/Assets/Tests/EditMode/Cars/Car/Mocked/CarViewMocked.cs" />
        <File uid="10" fullPath="D:/workspace/Frogger/Assets/Scripts/Zones/StartZone/StartZoneModel.cs" />
        <File uid="11" fullPath="D:/workspace/Frogger/Assets/Scripts/Zones/StartZone/StartZonePresenter.cs" />
        <File uid="12" fullPath="D:/workspace/Frogger/Assets/Scripts/Zones/StartZone/StartZoneView.cs" />
        <File uid="13" fullPath="D:/workspace/Frogger/Assets/Scripts/Zones/EndZone/EndZonePresenter.cs" />
        <File uid="14" fullPath="D:/workspace/Frogger/Assets/Scripts/Zones/EndZone/EndZoneView.cs" />
        <File uid="15" fullPath="D:/workspace/Frogger/Assets/Scripts/Utils/CameraHandler.cs" />
        <File uid="16" fullPath="D:/workspace/Frogger/Assets/Scripts/Utils/EndGameState.cs" />
        <File uid="17" fullPath="D:/workspace/Frogger/Assets/Scripts/Utils/InputHandler.cs" />
        <File uid="18" fullPath="D:/workspace/Frogger/Assets/Scripts/UI/MainMenu/MainMenuManager.cs" />
        <File uid="19" fullPath="D:/workspace/Frogger/Assets/Scripts/UI/MainMenu/MainMenuPresenter.cs" />
        <File uid="20" fullPath="D:/workspace/Frogger/Assets/Scripts/UI/MainMenu/MainMenuView.cs" />
        <File uid="21" fullPath="D:/workspace/Frogger/Assets/Scripts/UI/EndGame/EndGameManager.cs" />
        <File uid="22" fullPath="D:/workspace/Frogger/Assets/Scripts/UI/EndGame/EndGameModel.cs" />
        <File uid="23" fullPath="D:/workspace/Frogger/Assets/Scripts/UI/EndGame/EndGamePresenter.cs" />
        <File uid="24" fullPath="D:/workspace/Frogger/Assets/Scripts/UI/EndGame/EndGameView.cs" />
        <File uid="25" fullPath="D:/workspace/Frogger/Assets/Scripts/Timer/TimerModel.cs" />
        <File uid="26" fullPath="D:/workspace/Frogger/Assets/Scripts/Timer/TimerPresenter.cs" />
        <File uid="27" fullPath="D:/workspace/Frogger/Assets/Scripts/Timer/TimerView.cs" />
        <File uid="28" fullPath="D:/workspace/Frogger/Assets/Scripts/Player/PlayerModel.cs" />
        <File uid="29" fullPath="D:/workspace/Frogger/Assets/Scripts/Player/PlayerPresenter.cs" />
        <File uid="30" fullPath="D:/workspace/Frogger/Assets/Scripts/Player/PlayerView.cs" />
        <File uid="31" fullPath="D:/workspace/Frogger/Assets/Scripts/Core/AudioManager.cs" />
        <File uid="32" fullPath="D:/workspace/Frogger/Assets/Scripts/Core/GameManager.cs" />
        <File uid="33" fullPath="D:/workspace/Frogger/Assets/Scripts/Cars/Spawner/CarSpawnerData.cs" />
        <File uid="34" fullPath="D:/workspace/Frogger/Assets/Scripts/Cars/Spawner/CarSpawnerModel.cs" />
        <File uid="35" fullPath="D:/workspace/Frogger/Assets/Scripts/Cars/Spawner/CarSpawnerPresenter.cs" />
        <File uid="36" fullPath="D:/workspace/Frogger/Assets/Scripts/Cars/Spawner/CarSpawnerView.cs" />
        <File uid="37" fullPath="D:/workspace/Frogger/Assets/Scripts/Cars/Spawner/Factory/FactoryImpl/DefaultCarFactory.cs" />
        <File uid="38" fullPath="D:/workspace/Frogger/Assets/Scripts/Cars/Car/CarModel.cs" />
        <File uid="39" fullPath="D:/workspace/Frogger/Assets/Scripts/Cars/Car/CarPresenter.cs" />
        <File uid="40" fullPath="D:/workspace/Frogger/Assets/Scripts/Cars/Car/CarView.cs" />
      </Files>
      <Classes>
        <Class>
          <Summary numSequencePoints="15" visitedSequencePoints="15" numBranchPoints="0" visitedBranchPoints="0" sequenceCoverage="100.0" branchCoverage="0.0" maxCyclomaticComplexity="0" minCyclomaticComplexity="0" maxCrapScore="0" minCrapScore="0" visitedClasses="1" numClasses="1" visitedMethods="4" numMethods="4" />
          <FullName>InputActions</FullName>
          <Methods>
            <Method visited="true" cyclomaticComplexity="0" nPathComplexity="0" sequenceCoverage="100.0" branchCoverage="0" crapScore="0" isConstructor="false" isStatic="false" isGetter="true" isSetter="false">
              <Summary numSequencePoints="1" visitedSequencePoints="1" numBranchPoints="0" visitedBranchPoints="0" sequenceCoverage="100.0" branchCoverage="0" maxCyclomaticComplexity="0" minCyclomaticComplexity="0" maxCrapScore="0" minCrapScore="0" visitedClasses="0" numClasses="0" visitedMethods="1" numMethods="1" />
              <MetadataToken>100663297</MetadataToken>
              <Name>UnityEngine.InputSystem.InputActionAsset InputActions::get_asset()</Name>
              <FileRef uid="1" />
              <SequencePoints>
                <SequencePoint vc="18" uspid="814" ordinal="0" offset="0" sl="80" sc="37" el="80" ec="37" bec="0" bev="0" fileid="1" />
              </SequencePoints>
              <BranchPoints />
            </Method>
            <Method visited="true" cyclomaticComplexity="0" nPathComplexity="0" sequenceCoverage="100.0" branchCoverage="0" crapScore="0" isConstructor="false" isStatic="false" isGetter="false" isSetter="false">
              <Summary numSequencePoints="3" visitedSequencePoints="3" numBranchPoints="0" visitedBranchPoints="0" sequenceCoverage="100.0" branchCoverage="0" maxCyclomaticComplexity="0" minCyclomaticComplexity="0" maxCrapScore="0" minCrapScore="0" visitedClasses="0" numClasses="0" visitedMethods="1" numMethods="1" />
              <MetadataToken>100663309</MetadataToken>
              <Name>System.Void InputActions::Enable()</Name>
              <FileRef uid="1" />
              <SequencePoints>
                <SequencePoint vc="6" uspid="837" ordinal="0" offset="0" sl="270" sc="5" el="270" ec="5" bec="0" bev="0" fileid="1" />
                <SequencePoint vc="6" uspid="838" ordinal="0" offset="1" sl="271" sc="9" el="271" ec="9" bec="0" bev="0" fileid="1" />
                <SequencePoint vc="6" uspid="839" ordinal="0" offset="13" sl="272" sc="5" el="272" ec="5" bec="0" bev="0" fileid="1" />
              </SequencePoints>
              <BranchPoints />
            </Method>
            <Method visited="true" cyclomaticComplexity="0" nPathComplexity="0" sequenceCoverage="100.0" branchCoverage="0" crapScore="0" isConstructor="false" isStatic="false" isGetter="false" isSetter="false">
              <Summary numSequencePoints="3" visitedSequencePoints="3" numBranchPoints="0" visitedBranchPoints="0" sequenceCoverage="100.0" branchCoverage="0" maxCyclomaticComplexity="0" minCyclomaticComplexity="0" maxCrapScore="0" minCrapScore="0" visitedClasses="0" numClasses="0" visitedMethods="1" numMethods="1" />
              <MetadataToken>100663310</MetadataToken>
              <Name>System.Void InputActions::Disable()</Name>
              <FileRef uid="1" />
              <SequencePoints>
                <SequencePoint vc="6" uspid="840" ordinal="0" offset="0" sl="276" sc="5" el="276" ec="5" bec="0" bev="0" fileid="1" />
                <SequencePoint vc="6" uspid="841" ordinal="0" offset="1" sl="277" sc="9" el="277" ec="9" bec="0" bev="0" fileid="1" />
                <SequencePoint vc="6" uspid="842" ordinal="0" offset="13" sl="278" sc="5" el="278" ec="5" bec="0" bev="0" fileid="1" />
              </SequencePoints>
              <BranchPoints />
            </Method>
            <Method visited="true" cyclomaticComplexity="0" nPathComplexity="0" sequenceCoverage="100.0" branchCoverage="0" crapScore="0" isConstructor="true" isStatic="false" isGetter="false" isSetter="false">
              <Summary numSequencePoints="8" visitedSequencePoints="8" numBranchPoints="0" visitedBranchPoints="0" sequenceCoverage="100.0" branchCoverage="0" maxCyclomaticComplexity="0" minCyclomaticComplexity="0" maxCrapScore="0" minCrapScore="0" visitedClasses="0" numClasses="0" visitedMethods="1" numMethods="1" />
              <MetadataToken>100663298</MetadataToken>
              <Name>InputActions::InputActions()</Name>
              <FileRef uid="1" />
              <SequencePoints>
                <SequencePoint vc="6" uspid="856" ordinal="0" offset="0" sl="297" sc="5" el="297" ec="5" bec="0" bev="0" fileid="1" />
                <SequencePoint vc="6" uspid="857" ordinal="0" offset="11" sl="390" sc="5" el="390" ec="5" bec="0" bev="0" fileid="1" />
                <SequencePoint vc="6" uspid="858" ordinal="0" offset="18" sl="85" sc="5" el="85" ec="5" bec="0" bev="0" fileid="1" />
                <SequencePoint vc="6" uspid="859" ordinal="0" offset="25" sl="86" sc="5" el="86" ec="5" bec="0" bev="0" fileid="1" />
                <SequencePoint vc="6" uspid="860" ordinal="0" offset="26" sl="87" sc="9" el="87" ec="9" bec="0" bev="0" fileid="1" />
                <SequencePoint vc="6" uspid="861" ordinal="0" offset="42" sl="216" sc="9" el="216" ec="9" bec="0" bev="0" fileid="1" />
                <SequencePoint vc="6" uspid="862" ordinal="0" offset="65" sl="217" sc="9" el="217" ec="9" bec="0" bev="0" fileid="1" />
                <SequencePoint vc="6" uspid="863" ordinal="0" offset="88" sl="218" sc="5" el="218" ec="5" bec="0" bev="0" fileid="1" />
              </SequencePoints>
              <BranchPoints />
            </Method>
          </Methods>
        </Class>
        <Class>
          <Summary numSequencePoints="3" visitedSequencePoints="3" numBranchPoints="0" visitedBranchPoints="0" sequenceCoverage="100.0" branchCoverage="0.0" maxCyclomaticComplexity="0" minCyclomaticComplexity="0" maxCrapScore="0" minCrapScore="0" visitedClasses="1" numClasses="1" visitedMethods="1" numMethods="1" />
          <FullName>Tests.EditMode.Utils.FakeInputHandler</FullName>
          <Methods>
            <Method visited="true" cyclomaticComplexity="0" nPathComplexity="0" sequenceCoverage="100.0" branchCoverage="0" crapScore="0" isConstructor="false" isStatic="false" isGetter="false" isSetter="false">
              <Summary numSequencePoints="3" visitedSequencePoints="3" numBranchPoints="0" visitedBranchPoints="0" sequenceCoverage="100.0" branchCoverage="0" maxCyclomaticComplexity="0" minCyclomaticComplexity="0" maxCrapScore="0" minCrapScore="0" visitedClasses="0" numClasses="0" visitedMethods="1" numMethods="1" />
              <MetadataToken>100663318</MetadataToken>
              <Name>System.Void Tests.EditMode.Utils.FakeInputHandler::SimulateMove(UnityEngine.Vector2)</Name>
              <FileRef uid="2" />
              <SequencePoints>
                <SequencePoint vc="4" uspid="864" ordinal="0" offset="0" sl="10" sc="9" el="10" ec="9" bec="0" bev="0" fileid="2" />
                <SequencePoint vc="4" uspid="865" ordinal="0" offset="1" sl="11" sc="13" el="11" ec="13" bec="0" bev="0" fileid="2" />
                <SequencePoint vc="4" uspid="866" ordinal="0" offset="20" sl="12" sc="9" el="12" ec="9" bec="0" bev="0" fileid="2" />
              </SequencePoints>
              <BranchPoints />
            </Method>
          </Methods>
        </Class>
        <Class>
          <Summary numSequencePoints="55" visitedSequencePoints="55" numBranchPoints="0" visitedBranchPoints="0" sequenceCoverage="100.0" branchCoverage="0.0" maxCyclomaticComplexity="0" minCyclomaticComplexity="0" maxCrapScore="0" minCrapScore="0" visitedClasses="1" numClasses="1" visitedMethods="8" numMethods="8" />
          <FullName>Tests.EditMode.Player.PlayerPresenterTests</FullName>
          <Methods>
            <Method visited="true" cyclomaticComplexity="0" nPathComplexity="0" sequenceCoverage="100.0" branchCoverage="0" crapScore="0" isConstructor="false" isStatic="false" isGetter="false" isSetter="false">
              <Summary numSequencePoints="10" visitedSequencePoints="10" numBranchPoints="0" visitedBranchPoints="0" sequenceCoverage="100.0" branchCoverage="0" maxCyclomaticComplexity="0" minCyclomaticComplexity="0" maxCrapScore="0" minCrapScore="0" visitedClasses="0" numClasses="0" visitedMethods="1" numMethods="1" />
              <MetadataToken>100663320</MetadataToken>
              <Name>System.Void Tests.EditMode.Player.PlayerPresenterTests::Setup()</Name>
              <FileRef uid="3" />
              <SequencePoints>
                <SequencePoint vc="6" uspid="867" ordinal="0" offset="0" sl="19" sc="9" el="19" ec="9" bec="0" bev="0" fileid="3" />
                <SequencePoint vc="6" uspid="868" ordinal="0" offset="1" sl="20" sc="13" el="20" ec="13" bec="0" bev="0" fileid="3" />
                <SequencePoint vc="6" uspid="869" ordinal="0" offset="7" sl="21" sc="13" el="21" ec="13" bec="0" bev="0" fileid="3" />
                <SequencePoint vc="6" uspid="870" ordinal="0" offset="24" sl="22" sc="13" el="22" ec="13" bec="0" bev="0" fileid="3" />
                <SequencePoint vc="6" uspid="871" ordinal="0" offset="41" sl="26" sc="13" el="26" ec="13" bec="0" bev="0" fileid="3" />
                <SequencePoint vc="6" uspid="872" ordinal="0" offset="65" sl="27" sc="13" el="27" ec="13" bec="0" bev="0" fileid="3" />
                <SequencePoint vc="6" uspid="873" ordinal="0" offset="76" sl="28" sc="13" el="28" ec="13" bec="0" bev="0" fileid="3" />
                <SequencePoint vc="6" uspid="874" ordinal="0" offset="87" sl="29" sc="13" el="29" ec="13" bec="0" bev="0" fileid="3" />
                <SequencePoint vc="6" uspid="875" ordinal="0" offset="99" sl="31" sc="13" el="31" ec="13" bec="0" bev="0" fileid="3" />
                <SequencePoint vc="6" uspid="876" ordinal="0" offset="133" sl="32" sc="9" el="32" ec="9" bec="0" bev="0" fileid="3" />
              </SequencePoints>
              <BranchPoints />
            </Method>
            <Method visited="true" cyclomaticComplexity="0" nPathComplexity="0" sequenceCoverage="100.0" branchCoverage="0" crapScore="0" isConstructor="false" isStatic="false" isGetter="false" isSetter="false">
              <Summary numSequencePoints="4" visitedSequencePoints="4" numBranchPoints="0" visitedBranchPoints="0" sequenceCoverage="100.0" branchCoverage="0" maxCyclomaticComplexity="0" minCyclomaticComplexity="0" maxCrapScore="0" minCrapScore="0" visitedClasses="0" numClasses="0" visitedMethods="1" numMethods="1" />
              <MetadataToken>100663321</MetadataToken>
              <Name>System.Void Tests.EditMode.Player.PlayerPresenterTests::Teardown()</Name>
              <FileRef uid="3" />
              <SequencePoints>
                <SequencePoint vc="6" uspid="877" ordinal="0" offset="0" sl="36" sc="9" el="36" ec="9" bec="0" bev="0" fileid="3" />
                <SequencePoint vc="6" uspid="878" ordinal="0" offset="1" sl="37" sc="13" el="37" ec="13" bec="0" bev="0" fileid="3" />
                <SequencePoint vc="6" uspid="879" ordinal="0" offset="19" sl="38" sc="13" el="38" ec="13" bec="0" bev="0" fileid="3" />
                <SequencePoint vc="6" uspid="880" ordinal="0" offset="36" sl="39" sc="9" el="39" ec="9" bec="0" bev="0" fileid="3" />
              </SequencePoints>
              <BranchPoints />
            </Method>
            <Method visited="true" cyclomaticComplexity="0" nPathComplexity="0" sequenceCoverage="100.0" branchCoverage="0" crapScore="0" isConstructor="false" isStatic="false" isGetter="false" isSetter="false">
              <Summary numSequencePoints="6" visitedSequencePoints="6" numBranchPoints="0" visitedBranchPoints="0" sequenceCoverage="100.0" branchCoverage="0" maxCyclomaticComplexity="0" minCyclomaticComplexity="0" maxCrapScore="0" minCrapScore="0" visitedClasses="0" numClasses="0" visitedMethods="1" numMethods="1" />
              <MetadataToken>100663322</MetadataToken>
              <Name>System.Void Tests.EditMode.Player.PlayerPresenterTests::SetSpawnPosition_SetsModelAndViewPosition()</Name>
              <FileRef uid="3" />
              <SequencePoints>
                <SequencePoint vc="1" uspid="881" ordinal="0" offset="0" sl="43" sc="9" el="43" ec="9" bec="0" bev="0" fileid="3" />
                <SequencePoint vc="1" uspid="882" ordinal="0" offset="1" sl="44" sc="13" el="44" ec="13" bec="0" bev="0" fileid="3" />
                <SequencePoint vc="1" uspid="883" ordinal="0" offset="18" sl="46" sc="13" el="46" ec="13" bec="0" bev="0" fileid="3" />
                <SequencePoint vc="1" uspid="884" ordinal="0" offset="31" sl="48" sc="13" el="48" ec="13" bec="0" bev="0" fileid="3" />
                <SequencePoint vc="1" uspid="885" ordinal="0" offset="59" sl="49" sc="13" el="49" ec="13" bec="0" bev="0" fileid="3" />
                <SequencePoint vc="1" uspid="886" ordinal="0" offset="87" sl="50" sc="9" el="50" ec="9" bec="0" bev="0" fileid="3" />
              </SequencePoints>
              <BranchPoints />
            </Method>
            <Method visited="true" cyclomaticComplexity="0" nPathComplexity="0" sequenceCoverage="100.0" branchCoverage="0" crapScore="0" isConstructor="false" isStatic="false" isGetter="false" isSetter="false">
              <Summary numSequencePoints="6" visitedSequencePoints="6" numBranchPoints="0" visitedBranchPoints="0" sequenceCoverage="100.0" branchCoverage="0" maxCyclomaticComplexity="0" minCyclomaticComplexity="0" maxCrapScore="0" minCrapScore="0" visitedClasses="0" numClasses="0" visitedMethods="1" numMethods="1" />
              <MetadataToken>100663323</MetadataToken>
              <Name>System.Void Tests.EditMode.Player.PlayerPresenterTests::RespawnPlayer_MovesBackToStartPosition()</Name>
              <FileRef uid="3" />
              <SequencePoints>
                <SequencePoint vc="1" uspid="887" ordinal="0" offset="0" sl="54" sc="9" el="54" ec="9" bec="0" bev="0" fileid="3" />
                <SequencePoint vc="1" uspid="888" ordinal="0" offset="1" sl="55" sc="13" el="55" ec="13" bec="0" bev="0" fileid="3" />
                <SequencePoint vc="1" uspid="889" ordinal="0" offset="28" sl="56" sc="13" el="56" ec="13" bec="0" bev="0" fileid="3" />
                <SequencePoint vc="1" uspid="890" ordinal="0" offset="40" sl="58" sc="13" el="58" ec="13" bec="0" bev="0" fileid="3" />
                <SequencePoint vc="1" uspid="891" ordinal="0" offset="78" sl="59" sc="13" el="59" ec="13" bec="0" bev="0" fileid="3" />
                <SequencePoint vc="1" uspid="892" ordinal="0" offset="116" sl="60" sc="9" el="60" ec="9" bec="0" bev="0" fileid="3" />
              </SequencePoints>
              <BranchPoints />
            </Method>
            <Method visited="true" cyclomaticComplexity="0" nPathComplexity="0" sequenceCoverage="100.0" branchCoverage="0" crapScore="0" isConstructor="false" isStatic="false" isGetter="false" isSetter="false">
              <Summary numSequencePoints="8" visitedSequencePoints="8" numBranchPoints="0" visitedBranchPoints="0" sequenceCoverage="100.0" branchCoverage="0" maxCyclomaticComplexity="0" minCyclomaticComplexity="0" maxCrapScore="0" minCrapScore="0" visitedClasses="0" numClasses="0" visitedMethods="1" numMethods="1" />
              <MetadataToken>100663324</MetadataToken>
              <Name>System.Void Tests.EditMode.Player.PlayerPresenterTests::OnMove_TriggersAnimationAndSFX()</Name>
              <FileRef uid="3" />
              <SequencePoints>
                <SequencePoint vc="1" uspid="893" ordinal="0" offset="0" sl="64" sc="9" el="64" ec="9" bec="0" bev="0" fileid="3" />
                <SequencePoint vc="1" uspid="894" ordinal="0" offset="1" sl="65" sc="13" el="65" ec="13" bec="0" bev="0" fileid="3" />
                <SequencePoint vc="1" uspid="895" ordinal="0" offset="7" sl="67" sc="13" el="67" ec="13" bec="0" bev="0" fileid="3" />
                <SequencePoint vc="1" uspid="896" ordinal="0" offset="20" sl="69" sc="13" el="69" ec="13" bec="0" bev="0" fileid="3" />
                <SequencePoint vc="1" uspid="897" ordinal="0" offset="37" sl="70" sc="13" el="70" ec="13" bec="0" bev="0" fileid="3" />
                <SequencePoint vc="1" uspid="898" ordinal="0" offset="54" sl="71" sc="13" el="71" ec="13" bec="0" bev="0" fileid="3" />
                <SequencePoint vc="1" uspid="899" ordinal="0" offset="88" sl="72" sc="13" el="72" ec="13" bec="0" bev="0" fileid="3" />
                <SequencePoint vc="1" uspid="900" ordinal="0" offset="105" sl="73" sc="9" el="73" ec="9" bec="0" bev="0" fileid="3" />
              </SequencePoints>
              <BranchPoints />
            </Method>
            <Method visited="true" cyclomaticComplexity="0" nPathComplexity="0" sequenceCoverage="100.0" branchCoverage="0" crapScore="0" isConstructor="false" isStatic="false" isGetter="false" isSetter="false">
              <Summary numSequencePoints="7" visitedSequencePoints="7" numBranchPoints="0" visitedBranchPoints="0" sequenceCoverage="100.0" branchCoverage="0" maxCyclomaticComplexity="0" minCyclomaticComplexity="0" maxCrapScore="0" minCrapScore="0" visitedClasses="0" numClasses="0" visitedMethods="1" numMethods="1" />
              <MetadataToken>100663325</MetadataToken>
              <Name>System.Void Tests.EditMode.Player.PlayerPresenterTests::Update_MovesPlayerAndUpdatesView()</Name>
              <FileRef uid="3" />
              <SequencePoints>
                <SequencePoint vc="1" uspid="901" ordinal="0" offset="0" sl="77" sc="9" el="77" ec="9" bec="0" bev="0" fileid="3" />
                <SequencePoint vc="1" uspid="902" ordinal="0" offset="1" sl="78" sc="13" el="78" ec="13" bec="0" bev="0" fileid="3" />
                <SequencePoint vc="1" uspid="903" ordinal="0" offset="18" sl="79" sc="13" el="79" ec="13" bec="0" bev="0" fileid="3" />
                <SequencePoint vc="1" uspid="904" ordinal="0" offset="30" sl="81" sc="13" el="81" ec="13" bec="0" bev="0" fileid="3" />
                <SequencePoint vc="1" uspid="905" ordinal="0" offset="47" sl="83" sc="13" el="83" ec="13" bec="0" bev="0" fileid="3" />
                <SequencePoint vc="1" uspid="906" ordinal="0" offset="64" sl="84" sc="13" el="84" ec="13" bec="0" bev="0" fileid="3" />
                <SequencePoint vc="1" uspid="907" ordinal="0" offset="96" sl="85" sc="9" el="85" ec="9" bec="0" bev="0" fileid="3" />
              </SequencePoints>
              <BranchPoints />
            </Method>
            <Method visited="true" cyclomaticComplexity="0" nPathComplexity="0" sequenceCoverage="100.0" branchCoverage="0" crapScore="0" isConstructor="false" isStatic="false" isGetter="false" isSetter="false">
              <Summary numSequencePoints="7" visitedSequencePoints="7" numBranchPoints="0" visitedBranchPoints="0" sequenceCoverage="100.0" branchCoverage="0" maxCyclomaticComplexity="0" minCyclomaticComplexity="0" maxCrapScore="0" minCrapScore="0" visitedClasses="0" numClasses="0" visitedMethods="1" numMethods="1" />
              <MetadataToken>100663326</MetadataToken>
              <Name>System.Void Tests.EditMode.Player.PlayerPresenterTests::OnPlayerMoved_InvokedOnUpdate()</Name>
              <FileRef uid="3" />
              <SequencePoints>
                <SequencePoint vc="1" uspid="908" ordinal="0" offset="6" sl="89" sc="9" el="89" ec="9" bec="0" bev="0" fileid="3" />
                <SequencePoint vc="1" uspid="909" ordinal="0" offset="7" sl="90" sc="13" el="90" ec="13" bec="0" bev="0" fileid="3" />
                <SequencePoint vc="1" uspid="910" ordinal="0" offset="14" sl="92" sc="13" el="92" ec="13" bec="0" bev="0" fileid="3" />
                <SequencePoint vc="1" uspid="911" ordinal="0" offset="53" sl="94" sc="13" el="94" ec="13" bec="0" bev="0" fileid="3" />
                <SequencePoint vc="1" uspid="912" ordinal="0" offset="70" sl="95" sc="13" el="95" ec="13" bec="0" bev="0" fileid="3" />
                <SequencePoint vc="1" uspid="913" ordinal="0" offset="87" sl="97" sc="13" el="97" ec="13" bec="0" bev="0" fileid="3" />
                <SequencePoint vc="1" uspid="914" ordinal="0" offset="99" sl="98" sc="9" el="98" ec="9" bec="0" bev="0" fileid="3" />
              </SequencePoints>
              <BranchPoints />
            </Method>
            <Method visited="true" cyclomaticComplexity="0" nPathComplexity="0" sequenceCoverage="100.0" branchCoverage="0" crapScore="0" isConstructor="false" isStatic="false" isGetter="false" isSetter="false">
              <Summary numSequencePoints="7" visitedSequencePoints="7" numBranchPoints="0" visitedBranchPoints="0" sequenceCoverage="100.0" branchCoverage="0" maxCyclomaticComplexity="0" minCyclomaticComplexity="0" maxCrapScore="0" minCrapScore="0" visitedClasses="0" numClasses="0" visitedMethods="1" numMethods="1" />
              <MetadataToken>100663327</MetadataToken>
              <Name>System.Void Tests.EditMode.Player.PlayerPresenterTests::Movement_IsClampedWithinBounds()</Name>
              <FileRef uid="3" />
              <SequencePoints>
                <SequencePoint vc="1" uspid="915" ordinal="0" offset="0" sl="102" sc="9" el="102" ec="9" bec="0" bev="0" fileid="3" />
                <SequencePoint vc="1" uspid="916" ordinal="0" offset="1" sl="103" sc="13" el="103" ec="13" bec="0" bev="0" fileid="3" />
                <SequencePoint vc="1" uspid="917" ordinal="0" offset="18" sl="104" sc="13" el="104" ec="13" bec="0" bev="0" fileid="3" />
                <SequencePoint vc="1" uspid="918" ordinal="0" offset="35" sl="106" sc="13" el="106" ec="13" bec="0" bev="0" fileid="3" />
                <SequencePoint vc="1" uspid="919" ordinal="0" offset="47" sl="107" sc="13" el="107" ec="13" bec="0" bev="0" fileid="3" />
                <SequencePoint vc="1" uspid="920" ordinal="0" offset="87" sl="108" sc="13" el="108" ec="13" bec="0" bev="0" fileid="3" />
                <SequencePoint vc="1" uspid="921" ordinal="0" offset="127" sl="109" sc="9" el="109" ec="9" bec="0" bev="0" fileid="3" />
              </SequencePoints>
              <BranchPoints />
            </Method>
          </Methods>
        </Class>
        <Class>
          <Summary numSequencePoints="34" visitedSequencePoints="34" numBranchPoints="0" visitedBranchPoints="0" sequenceCoverage="100.0" branchCoverage="0.0" maxCyclomaticComplexity="0" minCyclomaticComplexity="0" maxCrapScore="0" minCrapScore="0" visitedClasses="1" numClasses="1" visitedMethods="18" numMethods="18" />
          <FullName>Tests.EditMode.Player.Mocked.PlayerViewMocked</FullName>
          <Methods>
            <Method visited="true" cyclomaticComplexity="0" nPathComplexity="0" sequenceCoverage="100.0" branchCoverage="0" crapScore="0" isConstructor="false" isStatic="false" isGetter="true" isSetter="false">
              <Summary numSequencePoints="1" visitedSequencePoints="1" numBranchPoints="0" visitedBranchPoints="0" sequenceCoverage="100.0" branchCoverage="0" maxCyclomaticComplexity="0" minCyclomaticComplexity="0" maxCrapScore="0" minCrapScore="0" visitedClasses="0" numClasses="0" visitedMethods="1" numMethods="1" />
              <MetadataToken>100663329</MetadataToken>
              <Name>UnityEngine.Vector2 Tests.EditMode.Player.Mocked.PlayerViewMocked::get_LastPosition()</Name>
              <FileRef uid="4" />
              <SequencePoints>
                <SequencePoint vc="2" uspid="922" ordinal="0" offset="0" sl="8" sc="39" el="8" ec="39" bec="0" bev="0" fileid="4" />
              </SequencePoints>
              <BranchPoints />
            </Method>
            <Method visited="true" cyclomaticComplexity="0" nPathComplexity="0" sequenceCoverage="100.0" branchCoverage="0" crapScore="0" isConstructor="false" isStatic="false" isGetter="false" isSetter="true">
              <Summary numSequencePoints="1" visitedSequencePoints="1" numBranchPoints="0" visitedBranchPoints="0" sequenceCoverage="100.0" branchCoverage="0" maxCyclomaticComplexity="0" minCyclomaticComplexity="0" maxCrapScore="0" minCrapScore="0" visitedClasses="0" numClasses="0" visitedMethods="1" numMethods="1" />
              <MetadataToken>100663330</MetadataToken>
              <Name>System.Void Tests.EditMode.Player.Mocked.PlayerViewMocked::set_LastPosition(UnityEngine.Vector2)</Name>
              <FileRef uid="4" />
              <SequencePoints>
                <SequencePoint vc="6" uspid="923" ordinal="0" offset="0" sl="8" sc="44" el="8" ec="44" bec="0" bev="0" fileid="4" />
              </SequencePoints>
              <BranchPoints />
            </Method>
            <Method visited="true" cyclomaticComplexity="0" nPathComplexity="0" sequenceCoverage="100.0" branchCoverage="0" crapScore="0" isConstructor="false" isStatic="false" isGetter="true" isSetter="false">
              <Summary numSequencePoints="1" visitedSequencePoints="1" numBranchPoints="0" visitedBranchPoints="0" sequenceCoverage="100.0" branchCoverage="0" maxCyclomaticComplexity="0" minCyclomaticComplexity="0" maxCrapScore="0" minCrapScore="0" visitedClasses="0" numClasses="0" visitedMethods="1" numMethods="1" />
              <MetadataToken>100663331</MetadataToken>
              <Name>UnityEngine.Vector2 Tests.EditMode.Player.Mocked.PlayerViewMocked::get_LastDirection()</Name>
              <FileRef uid="4" />
              <SequencePoints>
                <SequencePoint vc="1" uspid="924" ordinal="0" offset="0" sl="9" sc="40" el="9" ec="40" bec="0" bev="0" fileid="4" />
              </SequencePoints>
              <BranchPoints />
            </Method>
            <Method visited="true" cyclomaticComplexity="0" nPathComplexity="0" sequenceCoverage="100.0" branchCoverage="0" crapScore="0" isConstructor="false" isStatic="false" isGetter="false" isSetter="true">
              <Summary numSequencePoints="1" visitedSequencePoints="1" numBranchPoints="0" visitedBranchPoints="0" sequenceCoverage="100.0" branchCoverage="0" maxCyclomaticComplexity="0" minCyclomaticComplexity="0" maxCrapScore="0" minCrapScore="0" visitedClasses="0" numClasses="0" visitedMethods="1" numMethods="1" />
              <MetadataToken>100663332</MetadataToken>
              <Name>System.Void Tests.EditMode.Player.Mocked.PlayerViewMocked::set_LastDirection(UnityEngine.Vector2)</Name>
              <FileRef uid="4" />
              <SequencePoints>
                <SequencePoint vc="4" uspid="925" ordinal="0" offset="0" sl="9" sc="45" el="9" ec="45" bec="0" bev="0" fileid="4" />
              </SequencePoints>
              <BranchPoints />
            </Method>
            <Method visited="true" cyclomaticComplexity="0" nPathComplexity="0" sequenceCoverage="100.0" branchCoverage="0" crapScore="0" isConstructor="false" isStatic="false" isGetter="true" isSetter="false">
              <Summary numSequencePoints="1" visitedSequencePoints="1" numBranchPoints="0" visitedBranchPoints="0" sequenceCoverage="100.0" branchCoverage="0" maxCyclomaticComplexity="0" minCyclomaticComplexity="0" maxCrapScore="0" minCrapScore="0" visitedClasses="0" numClasses="0" visitedMethods="1" numMethods="1" />
              <MetadataToken>100663333</MetadataToken>
              <Name>System.Boolean Tests.EditMode.Player.Mocked.PlayerViewMocked::get_WasMoving()</Name>
              <FileRef uid="4" />
              <SequencePoints>
                <SequencePoint vc="1" uspid="926" ordinal="0" offset="0" sl="10" sc="33" el="10" ec="33" bec="0" bev="0" fileid="4" />
              </SequencePoints>
              <BranchPoints />
            </Method>
            <Method visited="true" cyclomaticComplexity="0" nPathComplexity="0" sequenceCoverage="100.0" branchCoverage="0" crapScore="0" isConstructor="false" isStatic="false" isGetter="false" isSetter="true">
              <Summary numSequencePoints="1" visitedSequencePoints="1" numBranchPoints="0" visitedBranchPoints="0" sequenceCoverage="100.0" branchCoverage="0" maxCyclomaticComplexity="0" minCyclomaticComplexity="0" maxCrapScore="0" minCrapScore="0" visitedClasses="0" numClasses="0" visitedMethods="1" numMethods="1" />
              <MetadataToken>100663334</MetadataToken>
              <Name>System.Void Tests.EditMode.Player.Mocked.PlayerViewMocked::set_WasMoving(System.Boolean)</Name>
              <FileRef uid="4" />
              <SequencePoints>
                <SequencePoint vc="8" uspid="927" ordinal="0" offset="0" sl="10" sc="38" el="10" ec="38" bec="0" bev="0" fileid="4" />
              </SequencePoints>
              <BranchPoints />
            </Method>
            <Method visited="true" cyclomaticComplexity="0" nPathComplexity="0" sequenceCoverage="100.0" branchCoverage="0" crapScore="0" isConstructor="false" isStatic="false" isGetter="true" isSetter="false">
              <Summary numSequencePoints="1" visitedSequencePoints="1" numBranchPoints="0" visitedBranchPoints="0" sequenceCoverage="100.0" branchCoverage="0" maxCyclomaticComplexity="0" minCyclomaticComplexity="0" maxCrapScore="0" minCrapScore="0" visitedClasses="0" numClasses="0" visitedMethods="1" numMethods="1" />
              <MetadataToken>100663335</MetadataToken>
              <Name>System.Boolean Tests.EditMode.Player.Mocked.PlayerViewMocked::get_UpdatePositionCalled()</Name>
              <FileRef uid="4" />
              <SequencePoints>
                <SequencePoint vc="1" uspid="928" ordinal="0" offset="0" sl="11" sc="44" el="11" ec="44" bec="0" bev="0" fileid="4" />
              </SequencePoints>
              <BranchPoints />
            </Method>
            <Method visited="true" cyclomaticComplexity="0" nPathComplexity="0" sequenceCoverage="100.0" branchCoverage="0" crapScore="0" isConstructor="false" isStatic="false" isGetter="false" isSetter="true">
              <Summary numSequencePoints="1" visitedSequencePoints="1" numBranchPoints="0" visitedBranchPoints="0" sequenceCoverage="100.0" branchCoverage="0" maxCyclomaticComplexity="0" minCyclomaticComplexity="0" maxCrapScore="0" minCrapScore="0" visitedClasses="0" numClasses="0" visitedMethods="1" numMethods="1" />
              <MetadataToken>100663336</MetadataToken>
              <Name>System.Void Tests.EditMode.Player.Mocked.PlayerViewMocked::set_UpdatePositionCalled(System.Boolean)</Name>
              <FileRef uid="4" />
              <SequencePoints>
                <SequencePoint vc="7" uspid="929" ordinal="0" offset="0" sl="11" sc="49" el="11" ec="49" bec="0" bev="0" fileid="4" />
              </SequencePoints>
              <BranchPoints />
            </Method>
            <Method visited="true" cyclomaticComplexity="0" nPathComplexity="0" sequenceCoverage="100.0" branchCoverage="0" crapScore="0" isConstructor="false" isStatic="false" isGetter="true" isSetter="false">
              <Summary numSequencePoints="1" visitedSequencePoints="1" numBranchPoints="0" visitedBranchPoints="0" sequenceCoverage="100.0" branchCoverage="0" maxCyclomaticComplexity="0" minCyclomaticComplexity="0" maxCrapScore="0" minCrapScore="0" visitedClasses="0" numClasses="0" visitedMethods="1" numMethods="1" />
              <MetadataToken>100663337</MetadataToken>
              <Name>System.Boolean Tests.EditMode.Player.Mocked.PlayerViewMocked::get_SetAnimationValuesCalled()</Name>
              <FileRef uid="4" />
              <SequencePoints>
                <SequencePoint vc="1" uspid="930" ordinal="0" offset="0" sl="12" sc="48" el="12" ec="48" bec="0" bev="0" fileid="4" />
              </SequencePoints>
              <BranchPoints />
            </Method>
            <Method visited="true" cyclomaticComplexity="0" nPathComplexity="0" sequenceCoverage="100.0" branchCoverage="0" crapScore="0" isConstructor="false" isStatic="false" isGetter="false" isSetter="true">
              <Summary numSequencePoints="1" visitedSequencePoints="1" numBranchPoints="0" visitedBranchPoints="0" sequenceCoverage="100.0" branchCoverage="0" maxCyclomaticComplexity="0" minCyclomaticComplexity="0" maxCrapScore="0" minCrapScore="0" visitedClasses="0" numClasses="0" visitedMethods="1" numMethods="1" />
              <MetadataToken>100663338</MetadataToken>
              <Name>System.Void Tests.EditMode.Player.Mocked.PlayerViewMocked::set_SetAnimationValuesCalled(System.Boolean)</Name>
              <FileRef uid="4" />
              <SequencePoints>
                <SequencePoint vc="5" uspid="931" ordinal="0" offset="0" sl="12" sc="53" el="12" ec="53" bec="0" bev="0" fileid="4" />
              </SequencePoints>
              <BranchPoints />
            </Method>
            <Method visited="true" cyclomaticComplexity="0" nPathComplexity="0" sequenceCoverage="100.0" branchCoverage="0" crapScore="0" isConstructor="false" isStatic="false" isGetter="true" isSetter="false">
              <Summary numSequencePoints="1" visitedSequencePoints="1" numBranchPoints="0" visitedBranchPoints="0" sequenceCoverage="100.0" branchCoverage="0" maxCyclomaticComplexity="0" minCyclomaticComplexity="0" maxCrapScore="0" minCrapScore="0" visitedClasses="0" numClasses="0" visitedMethods="1" numMethods="1" />
              <MetadataToken>100663339</MetadataToken>
              <Name>System.Boolean Tests.EditMode.Player.Mocked.PlayerViewMocked::get_HandleSfxCalled()</Name>
              <FileRef uid="4" />
              <SequencePoints>
                <SequencePoint vc="1" uspid="932" ordinal="0" offset="0" sl="13" sc="39" el="13" ec="39" bec="0" bev="0" fileid="4" />
              </SequencePoints>
              <BranchPoints />
            </Method>
            <Method visited="true" cyclomaticComplexity="0" nPathComplexity="0" sequenceCoverage="100.0" branchCoverage="0" crapScore="0" isConstructor="false" isStatic="false" isGetter="false" isSetter="true">
              <Summary numSequencePoints="1" visitedSequencePoints="1" numBranchPoints="0" visitedBranchPoints="0" sequenceCoverage="100.0" branchCoverage="0" maxCyclomaticComplexity="0" minCyclomaticComplexity="0" maxCrapScore="0" minCrapScore="0" visitedClasses="0" numClasses="0" visitedMethods="1" numMethods="1" />
              <MetadataToken>100663340</MetadataToken>
              <Name>System.Void Tests.EditMode.Player.Mocked.PlayerViewMocked::set_HandleSfxCalled(System.Boolean)</Name>
              <FileRef uid="4" />
              <SequencePoints>
                <SequencePoint vc="5" uspid="933" ordinal="0" offset="0" sl="13" sc="44" el="13" ec="44" bec="0" bev="0" fileid="4" />
              </SequencePoints>
              <BranchPoints />
            </Method>
            <Method visited="true" cyclomaticComplexity="0" nPathComplexity="0" sequenceCoverage="100.0" branchCoverage="0" crapScore="0" isConstructor="false" isStatic="false" isGetter="false" isSetter="true">
              <Summary numSequencePoints="1" visitedSequencePoints="1" numBranchPoints="0" visitedBranchPoints="0" sequenceCoverage="100.0" branchCoverage="0" maxCyclomaticComplexity="0" minCyclomaticComplexity="0" maxCrapScore="0" minCrapScore="0" visitedClasses="0" numClasses="0" visitedMethods="1" numMethods="1" />
              <MetadataToken>100663342</MetadataToken>
              <Name>System.Void Tests.EditMode.Player.Mocked.PlayerViewMocked::set_DestroyCalled(System.Boolean)</Name>
              <FileRef uid="4" />
              <SequencePoints>
                <SequencePoint vc="6" uspid="935" ordinal="0" offset="0" sl="14" sc="42" el="14" ec="42" bec="0" bev="0" fileid="4" />
              </SequencePoints>
              <BranchPoints />
            </Method>
            <Method visited="true" cyclomaticComplexity="0" nPathComplexity="0" sequenceCoverage="100.0" branchCoverage="0" crapScore="0" isConstructor="false" isStatic="false" isGetter="false" isSetter="false">
              <Summary numSequencePoints="4" visitedSequencePoints="4" numBranchPoints="0" visitedBranchPoints="0" sequenceCoverage="100.0" branchCoverage="0" maxCyclomaticComplexity="0" minCyclomaticComplexity="0" maxCrapScore="0" minCrapScore="0" visitedClasses="0" numClasses="0" visitedMethods="1" numMethods="1" />
              <MetadataToken>100663343</MetadataToken>
              <Name>System.Void Tests.EditMode.Player.Mocked.PlayerViewMocked::UpdatePosition(UnityEngine.Vector2)</Name>
              <FileRef uid="4" />
              <SequencePoints>
                <SequencePoint vc="6" uspid="936" ordinal="0" offset="0" sl="17" sc="9" el="17" ec="9" bec="0" bev="0" fileid="4" />
                <SequencePoint vc="6" uspid="937" ordinal="0" offset="1" sl="18" sc="13" el="18" ec="13" bec="0" bev="0" fileid="4" />
                <SequencePoint vc="6" uspid="938" ordinal="0" offset="9" sl="19" sc="13" el="19" ec="13" bec="0" bev="0" fileid="4" />
                <SequencePoint vc="6" uspid="939" ordinal="0" offset="17" sl="20" sc="9" el="20" ec="9" bec="0" bev="0" fileid="4" />
              </SequencePoints>
              <BranchPoints />
            </Method>
            <Method visited="true" cyclomaticComplexity="0" nPathComplexity="0" sequenceCoverage="100.0" branchCoverage="0" crapScore="0" isConstructor="false" isStatic="false" isGetter="false" isSetter="false">
              <Summary numSequencePoints="5" visitedSequencePoints="5" numBranchPoints="0" visitedBranchPoints="0" sequenceCoverage="100.0" branchCoverage="0" maxCyclomaticComplexity="0" minCyclomaticComplexity="0" maxCrapScore="0" minCrapScore="0" visitedClasses="0" numClasses="0" visitedMethods="1" numMethods="1" />
              <MetadataToken>100663344</MetadataToken>
              <Name>System.Void Tests.EditMode.Player.Mocked.PlayerViewMocked::SetAnimationValues(UnityEngine.Vector2, System.Boolean)</Name>
              <FileRef uid="4" />
              <SequencePoints>
                <SequencePoint vc="4" uspid="940" ordinal="0" offset="0" sl="23" sc="9" el="23" ec="9" bec="0" bev="0" fileid="4" />
                <SequencePoint vc="4" uspid="941" ordinal="0" offset="1" sl="24" sc="13" el="24" ec="13" bec="0" bev="0" fileid="4" />
                <SequencePoint vc="4" uspid="942" ordinal="0" offset="9" sl="25" sc="13" el="25" ec="13" bec="0" bev="0" fileid="4" />
                <SequencePoint vc="4" uspid="943" ordinal="0" offset="17" sl="26" sc="13" el="26" ec="13" bec="0" bev="0" fileid="4" />
                <SequencePoint vc="4" uspid="944" ordinal="0" offset="25" sl="27" sc="9" el="27" ec="9" bec="0" bev="0" fileid="4" />
              </SequencePoints>
              <BranchPoints />
            </Method>
            <Method visited="true" cyclomaticComplexity="0" nPathComplexity="0" sequenceCoverage="100.0" branchCoverage="0" crapScore="0" isConstructor="false" isStatic="false" isGetter="false" isSetter="false">
              <Summary numSequencePoints="4" visitedSequencePoints="4" numBranchPoints="0" visitedBranchPoints="0" sequenceCoverage="100.0" branchCoverage="0" maxCyclomaticComplexity="0" minCyclomaticComplexity="0" maxCrapScore="0" minCrapScore="0" visitedClasses="0" numClasses="0" visitedMethods="1" numMethods="1" />
              <MetadataToken>100663345</MetadataToken>
              <Name>System.Void Tests.EditMode.Player.Mocked.PlayerViewMocked::HandlePlayerWalkSfx(System.Boolean)</Name>
              <FileRef uid="4" />
              <SequencePoints>
                <SequencePoint vc="4" uspid="945" ordinal="0" offset="0" sl="30" sc="9" el="30" ec="9" bec="0" bev="0" fileid="4" />
                <SequencePoint vc="4" uspid="946" ordinal="0" offset="1" sl="31" sc="13" el="31" ec="13" bec="0" bev="0" fileid="4" />
                <SequencePoint vc="4" uspid="947" ordinal="0" offset="9" sl="32" sc="13" el="32" ec="13" bec="0" bev="0" fileid="4" />
                <SequencePoint vc="4" uspid="948" ordinal="0" offset="17" sl="33" sc="9" el="33" ec="9" bec="0" bev="0" fileid="4" />
              </SequencePoints>
              <BranchPoints />
            </Method>
            <Method visited="true" cyclomaticComplexity="0" nPathComplexity="0" sequenceCoverage="100.0" branchCoverage="0" crapScore="0" isConstructor="false" isStatic="false" isGetter="false" isSetter="false">
              <Summary numSequencePoints="3" visitedSequencePoints="3" numBranchPoints="0" visitedBranchPoints="0" sequenceCoverage="100.0" branchCoverage="0" maxCyclomaticComplexity="0" minCyclomaticComplexity="0" maxCrapScore="0" minCrapScore="0" visitedClasses="0" numClasses="0" visitedMethods="1" numMethods="1" />
              <MetadataToken>100663346</MetadataToken>
              <Name>System.Void Tests.EditMode.Player.Mocked.PlayerViewMocked::Destroy()</Name>
              <FileRef uid="4" />
              <SequencePoints>
                <SequencePoint vc="6" uspid="949" ordinal="0" offset="0" sl="36" sc="9" el="36" ec="9" bec="0" bev="0" fileid="4" />
                <SequencePoint vc="6" uspid="950" ordinal="0" offset="1" sl="37" sc="13" el="37" ec="13" bec="0" bev="0" fileid="4" />
                <SequencePoint vc="6" uspid="951" ordinal="0" offset="9" sl="38" sc="9" el="38" ec="9" bec="0" bev="0" fileid="4" />
              </SequencePoints>
              <BranchPoints />
            </Method>
            <Method visited="true" cyclomaticComplexity="0" nPathComplexity="0" sequenceCoverage="100.0" branchCoverage="0" crapScore="0" isConstructor="false" isStatic="false" isGetter="false" isSetter="false">
              <Summary numSequencePoints="5" visitedSequencePoints="5" numBranchPoints="0" visitedBranchPoints="0" sequenceCoverage="100.0" branchCoverage="0" maxCyclomaticComplexity="0" minCyclomaticComplexity="0" maxCrapScore="0" minCrapScore="0" visitedClasses="0" numClasses="0" visitedMethods="1" numMethods="1" />
              <MetadataToken>100663347</MetadataToken>
              <Name>System.Void Tests.EditMode.Player.Mocked.PlayerViewMocked::ResetFlags()</Name>
              <FileRef uid="4" />
              <SequencePoints>
                <SequencePoint vc="1" uspid="952" ordinal="0" offset="0" sl="41" sc="9" el="41" ec="9" bec="0" bev="0" fileid="4" />
                <SequencePoint vc="1" uspid="953" ordinal="0" offset="1" sl="42" sc="13" el="42" ec="13" bec="0" bev="0" fileid="4" />
                <SequencePoint vc="1" uspid="954" ordinal="0" offset="9" sl="43" sc="13" el="43" ec="13" bec="0" bev="0" fileid="4" />
                <SequencePoint vc="1" uspid="955" ordinal="0" offset="17" sl="44" sc="13" el="44" ec="13" bec="0" bev="0" fileid="4" />
                <SequencePoint vc="1" uspid="956" ordinal="0" offset="25" sl="45" sc="9" el="45" ec="9" bec="0" bev="0" fileid="4" />
              </SequencePoints>
              <BranchPoints />
            </Method>
          </Methods>
        </Class>
        <Class>
          <Summary numSequencePoints="41" visitedSequencePoints="41" numBranchPoints="0" visitedBranchPoints="0" sequenceCoverage="100.0" branchCoverage="0.0" maxCyclomaticComplexity="0" minCyclomaticComplexity="0" maxCrapScore="0" minCrapScore="0" visitedClasses="1" numClasses="1" visitedMethods="6" numMethods="6" />
          <FullName>Tests.EditMode.Cars.Spawner.CarSpawnerPresenterTests</FullName>
          <Methods>
            <Method visited="true" cyclomaticComplexity="0" nPathComplexity="0" sequenceCoverage="100.0" branchCoverage="0" crapScore="0" isConstructor="false" isStatic="false" isGetter="false" isSetter="false">
              <Summary numSequencePoints="10" visitedSequencePoints="10" numBranchPoints="0" visitedBranchPoints="0" sequenceCoverage="100.0" branchCoverage="0" maxCyclomaticComplexity="0" minCyclomaticComplexity="0" maxCrapScore="0" minCrapScore="0" visitedClasses="0" numClasses="0" visitedMethods="1" numMethods="1" />
              <MetadataToken>100663349</MetadataToken>
              <Name>System.Void Tests.EditMode.Cars.Spawner.CarSpawnerPresenterTests::Setup()</Name>
              <FileRef uid="5" />
              <SequencePoints>
                <SequencePoint vc="4" uspid="957" ordinal="0" offset="0" sl="18" sc="9" el="18" ec="9" bec="0" bev="0" fileid="5" />
                <SequencePoint vc="4" uspid="958" ordinal="0" offset="1" sl="19" sc="13" el="19" ec="13" bec="0" bev="0" fileid="5" />
                <SequencePoint vc="4" uspid="959" ordinal="0" offset="12" sl="20" sc="13" el="20" ec="13" bec="0" bev="0" fileid="5" />
                <SequencePoint vc="4" uspid="960" ordinal="0" offset="24" sl="22" sc="13" el="22" ec="13" bec="0" bev="0" fileid="5" />
                <SequencePoint vc="4" uspid="961" ordinal="0" offset="35" sl="23" sc="13" el="23" ec="13" bec="0" bev="0" fileid="5" />
                <SequencePoint vc="4" uspid="962" ordinal="0" offset="42" sl="25" sc="13" el="25" ec="13" bec="0" bev="0" fileid="5" />
                <SequencePoint vc="4" uspid="963" ordinal="0" offset="80" sl="32" sc="13" el="32" ec="13" bec="0" bev="0" fileid="5" />
                <SequencePoint vc="4" uspid="964" ordinal="0" offset="91" sl="33" sc="13" el="33" ec="13" bec="0" bev="0" fileid="5" />
                <SequencePoint vc="4" uspid="965" ordinal="0" offset="119" sl="34" sc="13" el="34" ec="13" bec="0" bev="0" fileid="5" />
                <SequencePoint vc="4" uspid="966" ordinal="0" offset="142" sl="35" sc="9" el="35" ec="9" bec="0" bev="0" fileid="5" />
              </SequencePoints>
              <BranchPoints />
            </Method>
            <Method visited="true" cyclomaticComplexity="0" nPathComplexity="0" sequenceCoverage="100.0" branchCoverage="0" crapScore="0" isConstructor="false" isStatic="false" isGetter="false" isSetter="false">
              <Summary numSequencePoints="4" visitedSequencePoints="4" numBranchPoints="0" visitedBranchPoints="0" sequenceCoverage="100.0" branchCoverage="0" maxCyclomaticComplexity="0" minCyclomaticComplexity="0" maxCrapScore="0" minCrapScore="0" visitedClasses="0" numClasses="0" visitedMethods="1" numMethods="1" />
              <MetadataToken>100663350</MetadataToken>
              <Name>System.Void Tests.EditMode.Cars.Spawner.CarSpawnerPresenterTests::TearDown()</Name>
              <FileRef uid="5" />
              <SequencePoints>
                <SequencePoint vc="4" uspid="967" ordinal="0" offset="0" sl="39" sc="9" el="39" ec="9" bec="0" bev="0" fileid="5" />
                <SequencePoint vc="4" uspid="968" ordinal="0" offset="1" sl="40" sc="13" el="40" ec="13" bec="0" bev="0" fileid="5" />
                <SequencePoint vc="4" uspid="969" ordinal="0" offset="18" sl="41" sc="13" el="41" ec="13" bec="0" bev="0" fileid="5" />
                <SequencePoint vc="4" uspid="970" ordinal="0" offset="35" sl="42" sc="9" el="42" ec="9" bec="0" bev="0" fileid="5" />
              </SequencePoints>
              <BranchPoints />
            </Method>
            <Method visited="true" cyclomaticComplexity="0" nPathComplexity="0" sequenceCoverage="100.0" branchCoverage="0" crapScore="0" isConstructor="false" isStatic="false" isGetter="false" isSetter="false">
              <Summary numSequencePoints="6" visitedSequencePoints="6" numBranchPoints="0" visitedBranchPoints="0" sequenceCoverage="100.0" branchCoverage="0" maxCyclomaticComplexity="0" minCyclomaticComplexity="0" maxCrapScore="0" minCrapScore="0" visitedClasses="0" numClasses="0" visitedMethods="1" numMethods="1" />
              <MetadataToken>100663351</MetadataToken>
              <Name>System.Void Tests.EditMode.Cars.Spawner.CarSpawnerPresenterTests::Update_WhenSpawnTimerExpires_SpawnsCar()</Name>
              <FileRef uid="5" />
              <SequencePoints>
                <SequencePoint vc="1" uspid="971" ordinal="0" offset="0" sl="46" sc="9" el="46" ec="9" bec="0" bev="0" fileid="5" />
                <SequencePoint vc="1" uspid="972" ordinal="0" offset="1" sl="48" sc="13" el="48" ec="13" bec="0" bev="0" fileid="5" />
                <SequencePoint vc="1" uspid="973" ordinal="0" offset="18" sl="51" sc="13" el="51" ec="13" bec="0" bev="0" fileid="5" />
                <SequencePoint vc="1" uspid="974" ordinal="0" offset="35" sl="52" sc="13" el="52" ec="13" bec="0" bev="0" fileid="5" />
                <SequencePoint vc="1" uspid="975" ordinal="0" offset="47" sl="53" sc="13" el="53" ec="13" bec="0" bev="0" fileid="5" />
                <SequencePoint vc="1" uspid="976" ordinal="0" offset="59" sl="54" sc="9" el="54" ec="9" bec="0" bev="0" fileid="5" />
              </SequencePoints>
              <BranchPoints />
            </Method>
            <Method visited="true" cyclomaticComplexity="0" nPathComplexity="0" sequenceCoverage="100.0" branchCoverage="0" crapScore="0" isConstructor="false" isStatic="false" isGetter="false" isSetter="false">
              <Summary numSequencePoints="7" visitedSequencePoints="7" numBranchPoints="0" visitedBranchPoints="0" sequenceCoverage="100.0" branchCoverage="0" maxCyclomaticComplexity="0" minCyclomaticComplexity="0" maxCrapScore="0" minCrapScore="0" visitedClasses="0" numClasses="0" visitedMethods="1" numMethods="1" />
              <MetadataToken>100663352</MetadataToken>
              <Name>System.Void Tests.EditMode.Cars.Spawner.CarSpawnerPresenterTests::Update_CallsCarUpdate()</Name>
              <FileRef uid="5" />
              <SequencePoints>
                <SequencePoint vc="1" uspid="977" ordinal="0" offset="0" sl="58" sc="9" el="58" ec="9" bec="0" bev="0" fileid="5" />
                <SequencePoint vc="1" uspid="978" ordinal="0" offset="1" sl="60" sc="13" el="60" ec="13" bec="0" bev="0" fileid="5" />
                <SequencePoint vc="1" uspid="979" ordinal="0" offset="18" sl="61" sc="13" el="61" ec="13" bec="0" bev="0" fileid="5" />
                <SequencePoint vc="1" uspid="980" ordinal="0" offset="30" sl="62" sc="13" el="62" ec="13" bec="0" bev="0" fileid="5" />
                <SequencePoint vc="1" uspid="981" ordinal="0" offset="37" sl="65" sc="13" el="65" ec="13" bec="0" bev="0" fileid="5" />
                <SequencePoint vc="1" uspid="982" ordinal="0" offset="54" sl="68" sc="13" el="68" ec="13" bec="0" bev="0" fileid="5" />
                <SequencePoint vc="1" uspid="983" ordinal="0" offset="66" sl="69" sc="9" el="69" ec="9" bec="0" bev="0" fileid="5" />
              </SequencePoints>
              <BranchPoints />
            </Method>
            <Method visited="true" cyclomaticComplexity="0" nPathComplexity="0" sequenceCoverage="100.0" branchCoverage="0" crapScore="0" isConstructor="false" isStatic="false" isGetter="false" isSetter="false">
              <Summary numSequencePoints="8" visitedSequencePoints="8" numBranchPoints="0" visitedBranchPoints="0" sequenceCoverage="100.0" branchCoverage="0" maxCyclomaticComplexity="0" minCyclomaticComplexity="0" maxCrapScore="0" minCrapScore="0" visitedClasses="0" numClasses="0" visitedMethods="1" numMethods="1" />
              <MetadataToken>100663353</MetadataToken>
              <Name>System.Void Tests.EditMode.Cars.Spawner.CarSpawnerPresenterTests::SimulatePlayerCollision_InvokesOnPlayerCollision()</Name>
              <FileRef uid="5" />
              <SequencePoints>
                <SequencePoint vc="1" uspid="984" ordinal="0" offset="6" sl="73" sc="9" el="73" ec="9" bec="0" bev="0" fileid="5" />
                <SequencePoint vc="1" uspid="985" ordinal="0" offset="7" sl="75" sc="13" el="75" ec="13" bec="0" bev="0" fileid="5" />
                <SequencePoint vc="1" uspid="986" ordinal="0" offset="14" sl="76" sc="13" el="76" ec="13" bec="0" bev="0" fileid="5" />
                <SequencePoint vc="1" uspid="987" ordinal="0" offset="38" sl="78" sc="13" el="78" ec="13" bec="0" bev="0" fileid="5" />
                <SequencePoint vc="1" uspid="988" ordinal="0" offset="55" sl="79" sc="13" el="79" ec="13" bec="0" bev="0" fileid="5" />
                <SequencePoint vc="1" uspid="989" ordinal="0" offset="67" sl="82" sc="13" el="82" ec="13" bec="0" bev="0" fileid="5" />
                <SequencePoint vc="1" uspid="990" ordinal="0" offset="74" sl="85" sc="13" el="85" ec="13" bec="0" bev="0" fileid="5" />
                <SequencePoint vc="1" uspid="991" ordinal="0" offset="86" sl="86" sc="9" el="86" ec="9" bec="0" bev="0" fileid="5" />
              </SequencePoints>
              <BranchPoints />
            </Method>
            <Method visited="true" cyclomaticComplexity="0" nPathComplexity="0" sequenceCoverage="100.0" branchCoverage="0" crapScore="0" isConstructor="false" isStatic="false" isGetter="false" isSetter="false">
              <Summary numSequencePoints="6" visitedSequencePoints="6" numBranchPoints="0" visitedBranchPoints="0" sequenceCoverage="100.0" branchCoverage="0" maxCyclomaticComplexity="0" minCyclomaticComplexity="0" maxCrapScore="0" minCrapScore="0" visitedClasses="0" numClasses="0" visitedMethods="1" numMethods="1" />
              <MetadataToken>100663354</MetadataToken>
              <Name>System.Void Tests.EditMode.Cars.Spawner.CarSpawnerPresenterTests::SimulateDestruction_RemovesAndDestroysCar()</Name>
              <FileRef uid="5" />
              <SequencePoints>
                <SequencePoint vc="1" uspid="992" ordinal="0" offset="0" sl="90" sc="9" el="90" ec="9" bec="0" bev="0" fileid="5" />
                <SequencePoint vc="1" uspid="993" ordinal="0" offset="1" sl="92" sc="13" el="92" ec="13" bec="0" bev="0" fileid="5" />
                <SequencePoint vc="1" uspid="994" ordinal="0" offset="18" sl="93" sc="13" el="93" ec="13" bec="0" bev="0" fileid="5" />
                <SequencePoint vc="1" uspid="995" ordinal="0" offset="30" sl="96" sc="13" el="96" ec="13" bec="0" bev="0" fileid="5" />
                <SequencePoint vc="1" uspid="996" ordinal="0" offset="37" sl="99" sc="13" el="99" ec="13" bec="0" bev="0" fileid="5" />
                <SequencePoint vc="1" uspid="997" ordinal="0" offset="49" sl="100" sc="9" el="100" ec="9" bec="0" bev="0" fileid="5" />
              </SequencePoints>
              <BranchPoints />
            </Method>
          </Methods>
        </Class>
        <Class>
          <Summary numSequencePoints="6" visitedSequencePoints="6" numBranchPoints="0" visitedBranchPoints="0" sequenceCoverage="100.0" branchCoverage="0.0" maxCyclomaticComplexity="0" minCyclomaticComplexity="0" maxCrapScore="0" minCrapScore="0" visitedClasses="1" numClasses="1" visitedMethods="6" numMethods="6" />
          <FullName>Tests.EditMode.Cars.Spawner.Mocked.CarSpawnerDataMocked</FullName>
          <Methods>
            <Method visited="true" cyclomaticComplexity="0" nPathComplexity="0" sequenceCoverage="100.0" branchCoverage="0" crapScore="0" isConstructor="false" isStatic="false" isGetter="true" isSetter="false">
              <Summary numSequencePoints="1" visitedSequencePoints="1" numBranchPoints="0" visitedBranchPoints="0" sequenceCoverage="100.0" branchCoverage="0" maxCyclomaticComplexity="0" minCyclomaticComplexity="0" maxCrapScore="0" minCrapScore="0" visitedClasses="0" numClasses="0" visitedMethods="1" numMethods="1" />
              <MetadataToken>100663356</MetadataToken>
              <Name>UnityEngine.GameObject Tests.EditMode.Cars.Spawner.Mocked.CarSpawnerDataMocked::get_Prefab()</Name>
              <FileRef uid="6" />
              <SequencePoints>
                <SequencePoint vc="4" uspid="998" ordinal="0" offset="0" sl="8" sc="36" el="8" ec="36" bec="0" bev="0" fileid="6" />
              </SequencePoints>
              <BranchPoints />
            </Method>
            <Method visited="true" cyclomaticComplexity="0" nPathComplexity="0" sequenceCoverage="100.0" branchCoverage="0" crapScore="0" isConstructor="false" isStatic="false" isGetter="false" isSetter="true">
              <Summary numSequencePoints="1" visitedSequencePoints="1" numBranchPoints="0" visitedBranchPoints="0" sequenceCoverage="100.0" branchCoverage="0" maxCyclomaticComplexity="0" minCyclomaticComplexity="0" maxCrapScore="0" minCrapScore="0" visitedClasses="0" numClasses="0" visitedMethods="1" numMethods="1" />
              <MetadataToken>100663357</MetadataToken>
              <Name>System.Void Tests.EditMode.Cars.Spawner.Mocked.CarSpawnerDataMocked::set_Prefab(UnityEngine.GameObject)</Name>
              <FileRef uid="6" />
              <SequencePoints>
                <SequencePoint vc="4" uspid="999" ordinal="0" offset="0" sl="8" sc="41" el="8" ec="41" bec="0" bev="0" fileid="6" />
              </SequencePoints>
              <BranchPoints />
            </Method>
            <Method visited="true" cyclomaticComplexity="0" nPathComplexity="0" sequenceCoverage="100.0" branchCoverage="0" crapScore="0" isConstructor="false" isStatic="false" isGetter="true" isSetter="false">
              <Summary numSequencePoints="1" visitedSequencePoints="1" numBranchPoints="0" visitedBranchPoints="0" sequenceCoverage="100.0" branchCoverage="0" maxCyclomaticComplexity="0" minCyclomaticComplexity="0" maxCrapScore="0" minCrapScore="0" visitedClasses="0" numClasses="0" visitedMethods="1" numMethods="1" />
              <MetadataToken>100663358</MetadataToken>
              <Name>System.Single Tests.EditMode.Cars.Spawner.Mocked.CarSpawnerDataMocked::get_SpawnRate()</Name>
              <FileRef uid="6" />
              <SequencePoints>
                <SequencePoint vc="4" uspid="1000" ordinal="0" offset="0" sl="9" sc="34" el="9" ec="34" bec="0" bev="0" fileid="6" />
              </SequencePoints>
              <BranchPoints />
            </Method>
            <Method visited="true" cyclomaticComplexity="0" nPathComplexity="0" sequenceCoverage="100.0" branchCoverage="0" crapScore="0" isConstructor="false" isStatic="false" isGetter="false" isSetter="true">
              <Summary numSequencePoints="1" visitedSequencePoints="1" numBranchPoints="0" visitedBranchPoints="0" sequenceCoverage="100.0" branchCoverage="0" maxCyclomaticComplexity="0" minCyclomaticComplexity="0" maxCrapScore="0" minCrapScore="0" visitedClasses="0" numClasses="0" visitedMethods="1" numMethods="1" />
              <MetadataToken>100663359</MetadataToken>
              <Name>System.Void Tests.EditMode.Cars.Spawner.Mocked.CarSpawnerDataMocked::set_SpawnRate(System.Single)</Name>
              <FileRef uid="6" />
              <SequencePoints>
                <SequencePoint vc="4" uspid="1001" ordinal="0" offset="0" sl="9" sc="39" el="9" ec="39" bec="0" bev="0" fileid="6" />
              </SequencePoints>
              <BranchPoints />
            </Method>
            <Method visited="true" cyclomaticComplexity="0" nPathComplexity="0" sequenceCoverage="100.0" branchCoverage="0" crapScore="0" isConstructor="false" isStatic="false" isGetter="true" isSetter="false">
              <Summary numSequencePoints="1" visitedSequencePoints="1" numBranchPoints="0" visitedBranchPoints="0" sequenceCoverage="100.0" branchCoverage="0" maxCyclomaticComplexity="0" minCyclomaticComplexity="0" maxCrapScore="0" minCrapScore="0" visitedClasses="0" numClasses="0" visitedMethods="1" numMethods="1" />
              <MetadataToken>100663360</MetadataToken>
              <Name>System.Single Tests.EditMode.Cars.Spawner.Mocked.CarSpawnerDataMocked::get_Speed()</Name>
              <FileRef uid="6" />
              <SequencePoints>
                <SequencePoint vc="4" uspid="1002" ordinal="0" offset="0" sl="10" sc="30" el="10" ec="30" bec="0" bev="0" fileid="6" />
              </SequencePoints>
              <BranchPoints />
            </Method>
            <Method visited="true" cyclomaticComplexity="0" nPathComplexity="0" sequenceCoverage="100.0" branchCoverage="0" crapScore="0" isConstructor="false" isStatic="false" isGetter="false" isSetter="true">
              <Summary numSequencePoints="1" visitedSequencePoints="1" numBranchPoints="0" visitedBranchPoints="0" sequenceCoverage="100.0" branchCoverage="0" maxCyclomaticComplexity="0" minCyclomaticComplexity="0" maxCrapScore="0" minCrapScore="0" visitedClasses="0" numClasses="0" visitedMethods="1" numMethods="1" />
              <MetadataToken>100663361</MetadataToken>
              <Name>System.Void Tests.EditMode.Cars.Spawner.Mocked.CarSpawnerDataMocked::set_Speed(System.Single)</Name>
              <FileRef uid="6" />
              <SequencePoints>
                <SequencePoint vc="4" uspid="1003" ordinal="0" offset="0" sl="10" sc="35" el="10" ec="35" bec="0" bev="0" fileid="6" />
              </SequencePoints>
              <BranchPoints />
            </Method>
          </Methods>
        </Class>
        <Class>
          <Summary numSequencePoints="9" visitedSequencePoints="9" numBranchPoints="0" visitedBranchPoints="0" sequenceCoverage="100.0" branchCoverage="0.0" maxCyclomaticComplexity="0" minCyclomaticComplexity="0" maxCrapScore="0" minCrapScore="0" visitedClasses="1" numClasses="1" visitedMethods="4" numMethods="4" />
          <FullName>Tests.EditMode.Cars.Spawner.Mocked.FakeCarFactory</FullName>
          <Methods>
            <Method visited="true" cyclomaticComplexity="0" nPathComplexity="0" sequenceCoverage="100.0" branchCoverage="0" crapScore="0" isConstructor="false" isStatic="false" isGetter="true" isSetter="false">
              <Summary numSequencePoints="1" visitedSequencePoints="1" numBranchPoints="0" visitedBranchPoints="0" sequenceCoverage="100.0" branchCoverage="0" maxCyclomaticComplexity="0" minCyclomaticComplexity="0" maxCrapScore="0" minCrapScore="0" visitedClasses="0" numClasses="0" visitedMethods="1" numMethods="1" />
              <MetadataToken>100663363</MetadataToken>
              <Name>UnityEngine.GameObject Tests.EditMode.Cars.Spawner.Mocked.FakeCarFactory::get_LastSpawned()</Name>
              <FileRef uid="7" />
              <SequencePoints>
                <SequencePoint vc="21" uspid="1004" ordinal="0" offset="0" sl="9" sc="41" el="9" ec="41" bec="0" bev="0" fileid="7" />
              </SequencePoints>
              <BranchPoints />
            </Method>
            <Method visited="true" cyclomaticComplexity="0" nPathComplexity="0" sequenceCoverage="100.0" branchCoverage="0" crapScore="0" isConstructor="false" isStatic="false" isGetter="false" isSetter="true">
              <Summary numSequencePoints="1" visitedSequencePoints="1" numBranchPoints="0" visitedBranchPoints="0" sequenceCoverage="100.0" branchCoverage="0" maxCyclomaticComplexity="0" minCyclomaticComplexity="0" maxCrapScore="0" minCrapScore="0" visitedClasses="0" numClasses="0" visitedMethods="1" numMethods="1" />
              <MetadataToken>100663364</MetadataToken>
              <Name>System.Void Tests.EditMode.Cars.Spawner.Mocked.FakeCarFactory::set_LastSpawned(UnityEngine.GameObject)</Name>
              <FileRef uid="7" />
              <SequencePoints>
                <SequencePoint vc="4" uspid="1005" ordinal="0" offset="0" sl="9" sc="46" el="9" ec="46" bec="0" bev="0" fileid="7" />
              </SequencePoints>
              <BranchPoints />
            </Method>
            <Method visited="true" cyclomaticComplexity="0" nPathComplexity="0" sequenceCoverage="100.0" branchCoverage="0" crapScore="0" isConstructor="false" isStatic="false" isGetter="true" isSetter="false">
              <Summary numSequencePoints="1" visitedSequencePoints="1" numBranchPoints="0" visitedBranchPoints="0" sequenceCoverage="100.0" branchCoverage="0" maxCyclomaticComplexity="0" minCyclomaticComplexity="0" maxCrapScore="0" minCrapScore="0" visitedClasses="0" numClasses="0" visitedMethods="1" numMethods="1" />
              <MetadataToken>100663365</MetadataToken>
              <Name>Tests.EditMode.Cars.Car.Mocked.CarViewMocked Tests.EditMode.Cars.Spawner.Mocked.FakeCarFactory::get_LastView()</Name>
              <FileRef uid="7" />
              <SequencePoints>
                <SequencePoint vc="4" uspid="1006" ordinal="0" offset="0" sl="11" sc="42" el="11" ec="42" bec="0" bev="0" fileid="7" />
              </SequencePoints>
              <BranchPoints />
            </Method>
            <Method visited="true" cyclomaticComplexity="0" nPathComplexity="0" sequenceCoverage="100.0" branchCoverage="0" crapScore="0" isConstructor="false" isStatic="false" isGetter="false" isSetter="false">
              <Summary numSequencePoints="6" visitedSequencePoints="6" numBranchPoints="0" visitedBranchPoints="0" sequenceCoverage="100.0" branchCoverage="0" maxCyclomaticComplexity="0" minCyclomaticComplexity="0" maxCrapScore="0" minCrapScore="0" visitedClasses="0" numClasses="0" visitedMethods="1" numMethods="1" />
              <MetadataToken>100663366</MetadataToken>
              <Name>UnityEngine.GameObject Tests.EditMode.Cars.Spawner.Mocked.FakeCarFactory::Spawn(UnityEngine.Vector2, UnityEngine.Transform)</Name>
              <FileRef uid="7" />
              <SequencePoints>
                <SequencePoint vc="4" uspid="1007" ordinal="0" offset="0" sl="14" sc="9" el="14" ec="9" bec="0" bev="0" fileid="7" />
                <SequencePoint vc="4" uspid="1008" ordinal="0" offset="1" sl="15" sc="13" el="15" ec="13" bec="0" bev="0" fileid="7" />
                <SequencePoint vc="4" uspid="1009" ordinal="0" offset="18" sl="16" sc="13" el="16" ec="13" bec="0" bev="0" fileid="7" />
                <SequencePoint vc="4" uspid="1010" ordinal="0" offset="36" sl="17" sc="13" el="17" ec="13" bec="0" bev="0" fileid="7" />
                <SequencePoint vc="4" uspid="1011" ordinal="0" offset="48" sl="19" sc="13" el="19" ec="13" bec="0" bev="0" fileid="7" />
                <SequencePoint vc="4" uspid="1012" ordinal="0" offset="57" sl="20" sc="9" el="20" ec="9" bec="0" bev="0" fileid="7" />
              </SequencePoints>
              <BranchPoints />
            </Method>
          </Methods>
        </Class>
        <Class>
          <Summary numSequencePoints="37" visitedSequencePoints="37" numBranchPoints="0" visitedBranchPoints="0" sequenceCoverage="100.0" branchCoverage="0.0" maxCyclomaticComplexity="0" minCyclomaticComplexity="0" maxCrapScore="0" minCrapScore="0" visitedClasses="1" numClasses="1" visitedMethods="7" numMethods="7" />
          <FullName>Tests.EditMode.Cars.Car.CarPresenterTests</FullName>
          <Methods>
            <Method visited="true" cyclomaticComplexity="0" nPathComplexity="0" sequenceCoverage="100.0" branchCoverage="0" crapScore="0" isConstructor="false" isStatic="false" isGetter="false" isSetter="false">
              <Summary numSequencePoints="5" visitedSequencePoints="5" numBranchPoints="0" visitedBranchPoints="0" sequenceCoverage="100.0" branchCoverage="0" maxCyclomaticComplexity="0" minCyclomaticComplexity="0" maxCrapScore="0" minCrapScore="0" visitedClasses="0" numClasses="0" visitedMethods="1" numMethods="1" />
              <MetadataToken>100663368</MetadataToken>
              <Name>System.Void Tests.EditMode.Cars.Car.CarPresenterTests::Setup()</Name>
              <FileRef uid="8" />
              <SequencePoints>
                <SequencePoint vc="5" uspid="1013" ordinal="0" offset="0" sl="17" sc="9" el="17" ec="9" bec="0" bev="0" fileid="8" />
                <SequencePoint vc="5" uspid="1014" ordinal="0" offset="1" sl="18" sc="13" el="18" ec="13" bec="0" bev="0" fileid="8" />
                <SequencePoint vc="5" uspid="1015" ordinal="0" offset="27" sl="19" sc="13" el="19" ec="13" bec="0" bev="0" fileid="8" />
                <SequencePoint vc="5" uspid="1016" ordinal="0" offset="38" sl="20" sc="13" el="20" ec="13" bec="0" bev="0" fileid="8" />
                <SequencePoint vc="5" uspid="1017" ordinal="0" offset="61" sl="21" sc="9" el="21" ec="9" bec="0" bev="0" fileid="8" />
              </SequencePoints>
              <BranchPoints />
            </Method>
            <Method visited="true" cyclomaticComplexity="0" nPathComplexity="0" sequenceCoverage="100.0" branchCoverage="0" crapScore="0" isConstructor="false" isStatic="false" isGetter="false" isSetter="false">
              <Summary numSequencePoints="3" visitedSequencePoints="3" numBranchPoints="0" visitedBranchPoints="0" sequenceCoverage="100.0" branchCoverage="0" maxCyclomaticComplexity="0" minCyclomaticComplexity="0" maxCrapScore="0" minCrapScore="0" visitedClasses="0" numClasses="0" visitedMethods="1" numMethods="1" />
              <MetadataToken>100663369</MetadataToken>
              <Name>System.Void Tests.EditMode.Cars.Car.CarPresenterTests::TearDown()</Name>
              <FileRef uid="8" />
              <SequencePoints>
                <SequencePoint vc="5" uspid="1018" ordinal="0" offset="0" sl="25" sc="9" el="25" ec="9" bec="0" bev="0" fileid="8" />
                <SequencePoint vc="5" uspid="1019" ordinal="0" offset="1" sl="26" sc="13" el="26" ec="13" bec="0" bev="0" fileid="8" />
                <SequencePoint vc="5" uspid="1020" ordinal="0" offset="13" sl="27" sc="9" el="27" ec="9" bec="0" bev="0" fileid="8" />
              </SequencePoints>
              <BranchPoints />
            </Method>
            <Method visited="true" cyclomaticComplexity="0" nPathComplexity="0" sequenceCoverage="100.0" branchCoverage="0" crapScore="0" isConstructor="false" isStatic="false" isGetter="false" isSetter="false">
              <Summary numSequencePoints="4" visitedSequencePoints="4" numBranchPoints="0" visitedBranchPoints="0" sequenceCoverage="100.0" branchCoverage="0" maxCyclomaticComplexity="0" minCyclomaticComplexity="0" maxCrapScore="0" minCrapScore="0" visitedClasses="0" numClasses="0" visitedMethods="1" numMethods="1" />
              <MetadataToken>100663370</MetadataToken>
              <Name>System.Void Tests.EditMode.Cars.Car.CarPresenterTests::Constructor_InitializesViewAndSubscribesEvents()</Name>
              <FileRef uid="8" />
              <SequencePoints>
                <SequencePoint vc="1" uspid="1021" ordinal="0" offset="0" sl="31" sc="9" el="31" ec="9" bec="0" bev="0" fileid="8" />
                <SequencePoint vc="1" uspid="1022" ordinal="0" offset="1" sl="32" sc="13" el="32" ec="13" bec="0" bev="0" fileid="8" />
                <SequencePoint vc="1" uspid="1023" ordinal="0" offset="18" sl="33" sc="13" el="33" ec="13" bec="0" bev="0" fileid="8" />
                <SequencePoint vc="1" uspid="1024" ordinal="0" offset="50" sl="34" sc="9" el="34" ec="9" bec="0" bev="0" fileid="8" />
              </SequencePoints>
              <BranchPoints />
            </Method>
            <Method visited="true" cyclomaticComplexity="0" nPathComplexity="0" sequenceCoverage="100.0" branchCoverage="0" crapScore="0" isConstructor="false" isStatic="false" isGetter="false" isSetter="false">
              <Summary numSequencePoints="9" visitedSequencePoints="9" numBranchPoints="0" visitedBranchPoints="0" sequenceCoverage="100.0" branchCoverage="0" maxCyclomaticComplexity="0" minCyclomaticComplexity="0" maxCrapScore="0" minCrapScore="0" visitedClasses="0" numClasses="0" visitedMethods="1" numMethods="1" />
              <MetadataToken>100663371</MetadataToken>
              <Name>System.Void Tests.EditMode.Cars.Car.CarPresenterTests::UpdateMovement_MovesModelAndUpdatesView()</Name>
              <FileRef uid="8" />
              <SequencePoints>
                <SequencePoint vc="1" uspid="1025" ordinal="0" offset="0" sl="38" sc="9" el="38" ec="9" bec="0" bev="0" fileid="8" />
                <SequencePoint vc="1" uspid="1026" ordinal="0" offset="1" sl="39" sc="13" el="39" ec="13" bec="0" bev="0" fileid="8" />
                <SequencePoint vc="1" uspid="1027" ordinal="0" offset="13" sl="41" sc="13" el="41" ec="13" bec="0" bev="0" fileid="8" />
                <SequencePoint vc="1" uspid="1028" ordinal="0" offset="31" sl="42" sc="13" el="42" ec="13" bec="0" bev="0" fileid="8" />
                <SequencePoint vc="1" uspid="1029" ordinal="0" offset="55" sl="44" sc="13" el="44" ec="13" bec="0" bev="0" fileid="8" />
                <SequencePoint vc="1" uspid="1030" ordinal="0" offset="72" sl="46" sc="13" el="46" ec="13" bec="0" bev="0" fileid="8" />
                <SequencePoint vc="1" uspid="1031" ordinal="0" offset="100" sl="47" sc="13" el="47" ec="13" bec="0" bev="0" fileid="8" />
                <SequencePoint vc="1" uspid="1032" ordinal="0" offset="117" sl="48" sc="13" el="48" ec="13" bec="0" bev="0" fileid="8" />
                <SequencePoint vc="1" uspid="1033" ordinal="0" offset="145" sl="49" sc="9" el="49" ec="9" bec="0" bev="0" fileid="8" />
              </SequencePoints>
              <BranchPoints />
            </Method>
            <Method visited="true" cyclomaticComplexity="0" nPathComplexity="0" sequenceCoverage="100.0" branchCoverage="0" crapScore="0" isConstructor="false" isStatic="false" isGetter="false" isSetter="false">
              <Summary numSequencePoints="4" visitedSequencePoints="4" numBranchPoints="0" visitedBranchPoints="0" sequenceCoverage="100.0" branchCoverage="0" maxCyclomaticComplexity="0" minCyclomaticComplexity="0" maxCrapScore="0" minCrapScore="0" visitedClasses="0" numClasses="0" visitedMethods="1" numMethods="1" />
              <MetadataToken>100663372</MetadataToken>
              <Name>System.Void Tests.EditMode.Cars.Car.CarPresenterTests::Dispose_UnsubscribesEventsAndDestroysView()</Name>
              <FileRef uid="8" />
              <SequencePoints>
                <SequencePoint vc="1" uspid="1034" ordinal="0" offset="0" sl="53" sc="9" el="53" ec="9" bec="0" bev="0" fileid="8" />
                <SequencePoint vc="1" uspid="1035" ordinal="0" offset="1" sl="54" sc="13" el="54" ec="13" bec="0" bev="0" fileid="8" />
                <SequencePoint vc="1" uspid="1036" ordinal="0" offset="13" sl="56" sc="13" el="56" ec="13" bec="0" bev="0" fileid="8" />
                <SequencePoint vc="1" uspid="1037" ordinal="0" offset="30" sl="57" sc="9" el="57" ec="9" bec="0" bev="0" fileid="8" />
              </SequencePoints>
              <BranchPoints />
            </Method>
            <Method visited="true" cyclomaticComplexity="0" nPathComplexity="0" sequenceCoverage="100.0" branchCoverage="0" crapScore="0" isConstructor="false" isStatic="false" isGetter="false" isSetter="false">
              <Summary numSequencePoints="6" visitedSequencePoints="6" numBranchPoints="0" visitedBranchPoints="0" sequenceCoverage="100.0" branchCoverage="0" maxCyclomaticComplexity="0" minCyclomaticComplexity="0" maxCrapScore="0" minCrapScore="0" visitedClasses="0" numClasses="0" visitedMethods="1" numMethods="1" />
              <MetadataToken>100663373</MetadataToken>
              <Name>System.Void Tests.EditMode.Cars.Car.CarPresenterTests::HandleDestructionRequest_InvokesOnRequestDestruction()</Name>
              <FileRef uid="8" />
              <SequencePoints>
                <SequencePoint vc="1" uspid="1038" ordinal="0" offset="6" sl="61" sc="9" el="61" ec="9" bec="0" bev="0" fileid="8" />
                <SequencePoint vc="1" uspid="1039" ordinal="0" offset="7" sl="62" sc="13" el="62" ec="13" bec="0" bev="0" fileid="8" />
                <SequencePoint vc="1" uspid="1040" ordinal="0" offset="14" sl="63" sc="13" el="63" ec="13" bec="0" bev="0" fileid="8" />
                <SequencePoint vc="1" uspid="1041" ordinal="0" offset="38" sl="65" sc="13" el="65" ec="13" bec="0" bev="0" fileid="8" />
                <SequencePoint vc="1" uspid="1042" ordinal="0" offset="50" sl="67" sc="13" el="67" ec="13" bec="0" bev="0" fileid="8" />
[...]
              <MetadataToken>100663546</MetadataToken>
              <Name>System.Void Cars.Car.CarModel::set_MoveDirection(UnityEngine.Vector2)</Name>
              <FileRef uid="38" />
              <SequencePoints>
                <SequencePoint vc="9" uspid="1526" ordinal="0" offset="0" sl="8" sc="45" el="8" ec="45" bec="0" bev="0" fileid="38" />
              </SequencePoints>
              <BranchPoints />
            </Method>
            <Method visited="true" cyclomaticComplexity="0" nPathComplexity="0" sequenceCoverage="100.0" branchCoverage="0" crapScore="0" isConstructor="false" isStatic="false" isGetter="true" isSetter="false">
              <Summary numSequencePoints="1" visitedSequencePoints="1" numBranchPoints="0" visitedBranchPoints="0" sequenceCoverage="100.0" branchCoverage="0" maxCyclomaticComplexity="0" minCyclomaticComplexity="0" maxCrapScore="0" minCrapScore="0" visitedClasses="0" numClasses="0" visitedMethods="1" numMethods="1" />
              <MetadataToken>100663547</MetadataToken>
              <Name>System.Single Cars.Car.CarModel::get_Speed()</Name>
              <FileRef uid="38" />
              <SequencePoints>
                <SequencePoint vc="3" uspid="1527" ordinal="0" offset="0" sl="9" sc="30" el="9" ec="30" bec="0" bev="0" fileid="38" />
              </SequencePoints>
              <BranchPoints />
            </Method>
            <Method visited="true" cyclomaticComplexity="0" nPathComplexity="0" sequenceCoverage="100.0" branchCoverage="0" crapScore="0" isConstructor="false" isStatic="false" isGetter="false" isSetter="true">
              <Summary numSequencePoints="1" visitedSequencePoints="1" numBranchPoints="0" visitedBranchPoints="0" sequenceCoverage="100.0" branchCoverage="0" maxCyclomaticComplexity="0" minCyclomaticComplexity="0" maxCrapScore="0" minCrapScore="0" visitedClasses="0" numClasses="0" visitedMethods="1" numMethods="1" />
              <MetadataToken>100663548</MetadataToken>
              <Name>System.Void Cars.Car.CarModel::set_Speed(System.Single)</Name>
              <FileRef uid="38" />
              <SequencePoints>
                <SequencePoint vc="9" uspid="1528" ordinal="0" offset="0" sl="9" sc="35" el="9" ec="35" bec="0" bev="0" fileid="38" />
              </SequencePoints>
              <BranchPoints />
            </Method>
            <Method visited="true" cyclomaticComplexity="0" nPathComplexity="0" sequenceCoverage="100.0" branchCoverage="0" crapScore="0" isConstructor="false" isStatic="false" isGetter="false" isSetter="false">
              <Summary numSequencePoints="3" visitedSequencePoints="3" numBranchPoints="0" visitedBranchPoints="0" sequenceCoverage="100.0" branchCoverage="0" maxCyclomaticComplexity="0" minCyclomaticComplexity="0" maxCrapScore="0" minCrapScore="0" visitedClasses="0" numClasses="0" visitedMethods="1" numMethods="1" />
              <MetadataToken>100663550</MetadataToken>
              <Name>System.Void Cars.Car.CarModel::Move(UnityEngine.Vector2)</Name>
              <FileRef uid="38" />
              <SequencePoints>
                <SequencePoint vc="2" uspid="1529" ordinal="0" offset="0" sl="19" sc="9" el="19" ec="9" bec="0" bev="0" fileid="38" />
                <SequencePoint vc="2" uspid="1530" ordinal="0" offset="1" sl="20" sc="13" el="20" ec="13" bec="0" bev="0" fileid="38" />
                <SequencePoint vc="2" uspid="1531" ordinal="0" offset="9" sl="21" sc="9" el="21" ec="9" bec="0" bev="0" fileid="38" />
              </SequencePoints>
              <BranchPoints />
            </Method>
            <Method visited="true" cyclomaticComplexity="0" nPathComplexity="0" sequenceCoverage="100.0" branchCoverage="0" crapScore="0" isConstructor="true" isStatic="false" isGetter="false" isSetter="false">
              <Summary numSequencePoints="6" visitedSequencePoints="6" numBranchPoints="0" visitedBranchPoints="0" sequenceCoverage="100.0" branchCoverage="0" maxCyclomaticComplexity="0" minCyclomaticComplexity="0" maxCrapScore="0" minCrapScore="0" visitedClasses="0" numClasses="0" visitedMethods="1" numMethods="1" />
              <MetadataToken>100663549</MetadataToken>
              <Name>Cars.Car.CarModel::CarModel(UnityEngine.Vector2, UnityEngine.Vector2, System.Single)</Name>
              <FileRef uid="38" />
              <SequencePoints>
                <SequencePoint vc="9" uspid="1532" ordinal="0" offset="0" sl="11" sc="9" el="11" ec="9" bec="0" bev="0" fileid="38" />
                <SequencePoint vc="9" uspid="1533" ordinal="0" offset="7" sl="12" sc="9" el="12" ec="9" bec="0" bev="0" fileid="38" />
                <SequencePoint vc="9" uspid="1534" ordinal="0" offset="8" sl="13" sc="13" el="13" ec="13" bec="0" bev="0" fileid="38" />
                <SequencePoint vc="9" uspid="1535" ordinal="0" offset="16" sl="14" sc="13" el="14" ec="13" bec="0" bev="0" fileid="38" />
                <SequencePoint vc="9" uspid="1536" ordinal="0" offset="30" sl="15" sc="13" el="15" ec="13" bec="0" bev="0" fileid="38" />
                <SequencePoint vc="9" uspid="1537" ordinal="0" offset="38" sl="16" sc="9" el="16" ec="9" bec="0" bev="0" fileid="38" />
              </SequencePoints>
              <BranchPoints />
            </Method>
          </Methods>
        </Class>
        <Class>
          <Summary numSequencePoints="26" visitedSequencePoints="26" numBranchPoints="0" visitedBranchPoints="0" sequenceCoverage="100.0" branchCoverage="0.0" maxCyclomaticComplexity="0" minCyclomaticComplexity="0" maxCrapScore="0" minCrapScore="0" visitedClasses="1" numClasses="1" visitedMethods="5" numMethods="5" />
          <FullName>Cars.Car.CarPresenter</FullName>
          <Methods>
            <Method visited="true" cyclomaticComplexity="0" nPathComplexity="0" sequenceCoverage="100.0" branchCoverage="0" crapScore="0" isConstructor="false" isStatic="false" isGetter="false" isSetter="false">
              <Summary numSequencePoints="7" visitedSequencePoints="7" numBranchPoints="0" visitedBranchPoints="0" sequenceCoverage="100.0" branchCoverage="0" maxCyclomaticComplexity="0" minCyclomaticComplexity="0" maxCrapScore="0" minCrapScore="0" visitedClasses="0" numClasses="0" visitedMethods="1" numMethods="1" />
              <MetadataToken>100663556</MetadataToken>
              <Name>System.Void Cars.Car.CarPresenter::UpdateMovement(System.Single)</Name>
              <FileRef uid="39" />
              <SequencePoints>
                <SequencePoint vc="2" uspid="1538" ordinal="0" offset="0" sl="24" sc="9" el="24" ec="9" bec="0" bev="0" fileid="39" />
                <SequencePoint vc="2" uspid="1539" ordinal="0" offset="1" sl="26" sc="13" el="26" ec="13" bec="0" bev="0" fileid="39" />
                <SequencePoint vc="2" uspid="1540" ordinal="0" offset="31" sl="27" sc="13" el="27" ec="13" bec="0" bev="0" fileid="39" />
                <SequencePoint vc="2" uspid="1541" ordinal="0" offset="43" sl="28" sc="13" el="28" ec="13" bec="0" bev="0" fileid="39" />
                <SequencePoint vc="2" uspid="1542" ordinal="0" offset="51" sl="31" sc="13" el="31" ec="13" bec="0" bev="0" fileid="39" />
                <SequencePoint vc="2" uspid="1543" ordinal="0" offset="64" sl="32" sc="13" el="32" ec="13" bec="0" bev="0" fileid="39" />
                <SequencePoint vc="2" uspid="1544" ordinal="0" offset="87" sl="33" sc="9" el="33" ec="9" bec="0" bev="0" fileid="39" />
              </SequencePoints>
              <BranchPoints />
            </Method>
            <Method visited="true" cyclomaticComplexity="0" nPathComplexity="0" sequenceCoverage="100.0" branchCoverage="0" crapScore="0" isConstructor="false" isStatic="false" isGetter="false" isSetter="false">
              <Summary numSequencePoints="5" visitedSequencePoints="5" numBranchPoints="0" visitedBranchPoints="0" sequenceCoverage="100.0" branchCoverage="0" maxCyclomaticComplexity="0" minCyclomaticComplexity="0" maxCrapScore="0" minCrapScore="0" visitedClasses="0" numClasses="0" visitedMethods="1" numMethods="1" />
              <MetadataToken>100663557</MetadataToken>
              <Name>System.Void Cars.Car.CarPresenter::Dispose()</Name>
              <FileRef uid="39" />
              <SequencePoints>
                <SequencePoint vc="7" uspid="1545" ordinal="0" offset="0" sl="36" sc="9" el="36" ec="9" bec="0" bev="0" fileid="39" />
                <SequencePoint vc="7" uspid="1546" ordinal="0" offset="1" sl="38" sc="13" el="38" ec="13" bec="0" bev="0" fileid="39" />
                <SequencePoint vc="7" uspid="1547" ordinal="0" offset="25" sl="39" sc="13" el="39" ec="13" bec="0" bev="0" fileid="39" />
                <SequencePoint vc="7" uspid="1548" ordinal="0" offset="49" sl="42" sc="13" el="42" ec="13" bec="0" bev="0" fileid="39" />
                <SequencePoint vc="7" uspid="1549" ordinal="0" offset="61" sl="43" sc="9" el="43" ec="9" bec="0" bev="0" fileid="39" />
              </SequencePoints>
              <BranchPoints />
            </Method>
            <Method visited="true" cyclomaticComplexity="0" nPathComplexity="0" sequenceCoverage="100.0" branchCoverage="0" crapScore="0" isConstructor="false" isStatic="false" isGetter="false" isSetter="false">
              <Summary numSequencePoints="3" visitedSequencePoints="3" numBranchPoints="0" visitedBranchPoints="0" sequenceCoverage="100.0" branchCoverage="0" maxCyclomaticComplexity="0" minCyclomaticComplexity="0" maxCrapScore="0" minCrapScore="0" visitedClasses="0" numClasses="0" visitedMethods="1" numMethods="1" />
              <MetadataToken>100663558</MetadataToken>
              <Name>System.Void Cars.Car.CarPresenter::HandleDestructionRequest()</Name>
              <FileRef uid="39" />
              <SequencePoints>
                <SequencePoint vc="2" uspid="1550" ordinal="0" offset="0" sl="46" sc="9" el="46" ec="9" bec="0" bev="0" fileid="39" />
                <SequencePoint vc="2" uspid="1551" ordinal="0" offset="1" sl="47" sc="13" el="47" ec="13" bec="0" bev="0" fileid="39" />
                <SequencePoint vc="2" uspid="1552" ordinal="0" offset="20" sl="48" sc="9" el="48" ec="9" bec="0" bev="0" fileid="39" />
              </SequencePoints>
              <BranchPoints />
            </Method>
            <Method visited="true" cyclomaticComplexity="0" nPathComplexity="0" sequenceCoverage="100.0" branchCoverage="0" crapScore="0" isConstructor="false" isStatic="false" isGetter="false" isSetter="false">
              <Summary numSequencePoints="3" visitedSequencePoints="3" numBranchPoints="0" visitedBranchPoints="0" sequenceCoverage="100.0" branchCoverage="0" maxCyclomaticComplexity="0" minCyclomaticComplexity="0" maxCrapScore="0" minCrapScore="0" visitedClasses="0" numClasses="0" visitedMethods="1" numMethods="1" />
              <MetadataToken>100663559</MetadataToken>
              <Name>System.Void Cars.Car.CarPresenter::HandlePlayerCollision()</Name>
              <FileRef uid="39" />
              <SequencePoints>
                <SequencePoint vc="2" uspid="1553" ordinal="0" offset="0" sl="51" sc="9" el="51" ec="9" bec="0" bev="0" fileid="39" />
                <SequencePoint vc="2" uspid="1554" ordinal="0" offset="1" sl="52" sc="13" el="52" ec="13" bec="0" bev="0" fileid="39" />
                <SequencePoint vc="2" uspid="1555" ordinal="0" offset="20" sl="53" sc="9" el="53" ec="9" bec="0" bev="0" fileid="39" />
              </SequencePoints>
              <BranchPoints />
            </Method>
            <Method visited="true" cyclomaticComplexity="0" nPathComplexity="0" sequenceCoverage="100.0" branchCoverage="0" crapScore="0" isConstructor="true" isStatic="false" isGetter="false" isSetter="false">
              <Summary numSequencePoints="8" visitedSequencePoints="8" numBranchPoints="0" visitedBranchPoints="0" sequenceCoverage="100.0" branchCoverage="0" maxCyclomaticComplexity="0" minCyclomaticComplexity="0" maxCrapScore="0" minCrapScore="0" visitedClasses="0" numClasses="0" visitedMethods="1" numMethods="1" />
              <MetadataToken>100663555</MetadataToken>
              <Name>Cars.Car.CarPresenter::CarPresenter(Cars.Car.CarModel, Cars.Car.ICarView)</Name>
              <FileRef uid="39" />
              <SequencePoints>
                <SequencePoint vc="9" uspid="1556" ordinal="0" offset="0" sl="13" sc="9" el="13" ec="9" bec="0" bev="0" fileid="39" />
                <SequencePoint vc="9" uspid="1557" ordinal="0" offset="7" sl="14" sc="9" el="14" ec="9" bec="0" bev="0" fileid="39" />
                <SequencePoint vc="9" uspid="1558" ordinal="0" offset="8" sl="15" sc="13" el="15" ec="13" bec="0" bev="0" fileid="39" />
                <SequencePoint vc="9" uspid="1559" ordinal="0" offset="15" sl="16" sc="13" el="16" ec="13" bec="0" bev="0" fileid="39" />
                <SequencePoint vc="9" uspid="1560" ordinal="0" offset="22" sl="18" sc="13" el="18" ec="13" bec="0" bev="0" fileid="39" />
                <SequencePoint vc="9" uspid="1561" ordinal="0" offset="46" sl="19" sc="13" el="19" ec="13" bec="0" bev="0" fileid="39" />
                <SequencePoint vc="9" uspid="1562" ordinal="0" offset="70" sl="20" sc="13" el="20" ec="13" bec="0" bev="0" fileid="39" />
                <SequencePoint vc="9" uspid="1563" ordinal="0" offset="93" sl="21" sc="9" el="21" ec="9" bec="0" bev="0" fileid="39" />
              </SequencePoints>
              <BranchPoints />
            </Method>
          </Methods>
        </Class>
        <Class>
          <Summary numSequencePoints="1" visitedSequencePoints="1" numBranchPoints="0" visitedBranchPoints="0" sequenceCoverage="100.0" branchCoverage="0.0" maxCyclomaticComplexity="0" minCyclomaticComplexity="0" maxCrapScore="0" minCrapScore="0" visitedClasses="1" numClasses="1" visitedMethods="1" numMethods="1" />
          <FullName>Tests.EditMode.Player.PlayerPresenterTests/&lt;&gt;c__DisplayClass11_0</FullName>
          <Methods>
            <Method visited="true" cyclomaticComplexity="0" nPathComplexity="0" sequenceCoverage="100.0" branchCoverage="0" crapScore="0" isConstructor="false" isStatic="false" isGetter="false" isSetter="false">
              <Summary numSequencePoints="1" visitedSequencePoints="1" numBranchPoints="0" visitedBranchPoints="0" sequenceCoverage="100.0" branchCoverage="0" maxCyclomaticComplexity="0" minCyclomaticComplexity="0" maxCrapScore="0" minCrapScore="0" visitedClasses="0" numClasses="0" visitedMethods="1" numMethods="1" />
              <MetadataToken>100663587</MetadataToken>
              <Name>System.Void Tests.EditMode.Player.PlayerPresenterTests/&lt;&gt;c__DisplayClass11_0::&lt;OnPlayerMoved_InvokedOnUpdate&gt;b__0(System.Single)</Name>
              <FileRef uid="3" />
              <SequencePoints>
                <SequencePoint vc="1" uspid="1623" ordinal="0" offset="0" sl="92" sc="46" el="92" ec="46" bec="0" bev="0" fileid="3" />
              </SequencePoints>
              <BranchPoints />
            </Method>
          </Methods>
        </Class>
        <Class>
          <Summary numSequencePoints="1" visitedSequencePoints="1" numBranchPoints="0" visitedBranchPoints="0" sequenceCoverage="100.0" branchCoverage="0.0" maxCyclomaticComplexity="0" minCyclomaticComplexity="0" maxCrapScore="0" minCrapScore="0" visitedClasses="1" numClasses="1" visitedMethods="1" numMethods="1" />
          <FullName>Tests.EditMode.Cars.Spawner.CarSpawnerPresenterTests/&lt;&gt;c__DisplayClass8_0</FullName>
          <Methods>
            <Method visited="true" cyclomaticComplexity="0" nPathComplexity="0" sequenceCoverage="100.0" branchCoverage="0" crapScore="0" isConstructor="false" isStatic="false" isGetter="false" isSetter="false">
              <Summary numSequencePoints="1" visitedSequencePoints="1" numBranchPoints="0" visitedBranchPoints="0" sequenceCoverage="100.0" branchCoverage="0" maxCyclomaticComplexity="0" minCyclomaticComplexity="0" maxCrapScore="0" minCrapScore="0" visitedClasses="0" numClasses="0" visitedMethods="1" numMethods="1" />
              <MetadataToken>100663589</MetadataToken>
              <Name>System.Void Tests.EditMode.Cars.Spawner.CarSpawnerPresenterTests/&lt;&gt;c__DisplayClass8_0::&lt;SimulatePlayerCollision_InvokesOnPlayerCollision&gt;b__0(Cars.Spawner.CarSpawnerPresenter, Cars.Car.CarPresenter)</Name>
              <FileRef uid="5" />
              <SequencePoints>
                <SequencePoint vc="1" uspid="1624" ordinal="0" offset="0" sl="76" sc="55" el="76" ec="55" bec="0" bev="0" fileid="5" />
              </SequencePoints>
              <BranchPoints />
            </Method>
          </Methods>
        </Class>
        <Class>
          <Summary numSequencePoints="1" visitedSequencePoints="1" numBranchPoints="0" visitedBranchPoints="0" sequenceCoverage="100.0" branchCoverage="0.0" maxCyclomaticComplexity="0" minCyclomaticComplexity="0" maxCrapScore="0" minCrapScore="0" visitedClasses="1" numClasses="1" visitedMethods="1" numMethods="1" />
          <FullName>Tests.EditMode.Cars.Car.CarPresenterTests/&lt;&gt;c__DisplayClass8_0</FullName>
          <Methods>
            <Method visited="true" cyclomaticComplexity="0" nPathComplexity="0" sequenceCoverage="100.0" branchCoverage="0" crapScore="0" isConstructor="false" isStatic="false" isGetter="false" isSetter="false">
              <Summary numSequencePoints="1" visitedSequencePoints="1" numBranchPoints="0" visitedBranchPoints="0" sequenceCoverage="100.0" branchCoverage="0" maxCyclomaticComplexity="0" minCyclomaticComplexity="0" maxCrapScore="0" minCrapScore="0" visitedClasses="0" numClasses="0" visitedMethods="1" numMethods="1" />
              <MetadataToken>100663591</MetadataToken>
              <Name>System.Void Tests.EditMode.Cars.Car.CarPresenterTests/&lt;&gt;c__DisplayClass8_0::&lt;HandleDestructionRequest_InvokesOnRequestDestruction&gt;b__0(Cars.Car.CarPresenter)</Name>
              <FileRef uid="8" />
              <SequencePoints>
                <SequencePoint vc="1" uspid="1625" ordinal="0" offset="0" sl="63" sc="53" el="63" ec="53" bec="0" bev="0" fileid="8" />
              </SequencePoints>
              <BranchPoints />
            </Method>
          </Methods>
        </Class>
        <Class>
          <Summary numSequencePoints="1" visitedSequencePoints="1" numBranchPoints="0" visitedBranchPoints="0" sequenceCoverage="100.0" branchCoverage="0.0" maxCyclomaticComplexity="0" minCyclomaticComplexity="0" maxCrapScore="0" minCrapScore="0" visitedClasses="1" numClasses="1" visitedMethods="1" numMethods="1" />
          <FullName>Tests.EditMode.Cars.Car.CarPresenterTests/&lt;&gt;c__DisplayClass9_0</FullName>
          <Methods>
            <Method visited="true" cyclomaticComplexity="0" nPathComplexity="0" sequenceCoverage="100.0" branchCoverage="0" crapScore="0" isConstructor="false" isStatic="false" isGetter="false" isSetter="false">
              <Summary numSequencePoints="1" visitedSequencePoints="1" numBranchPoints="0" visitedBranchPoints="0" sequenceCoverage="100.0" branchCoverage="0" maxCyclomaticComplexity="0" minCyclomaticComplexity="0" maxCrapScore="0" minCrapScore="0" visitedClasses="0" numClasses="0" visitedMethods="1" numMethods="1" />
              <MetadataToken>100663593</MetadataToken>
              <Name>System.Void Tests.EditMode.Cars.Car.CarPresenterTests/&lt;&gt;c__DisplayClass9_0::&lt;HandlePlayerCollision_InvokesOnPlayerCollision&gt;b__0(Cars.Car.CarPresenter)</Name>
              <FileRef uid="8" />
              <SequencePoints>
                <SequencePoint vc="1" uspid="1626" ordinal="0" offset="0" sl="74" sc="50" el="74" ec="50" bec="0" bev="0" fileid="8" />
              </SequencePoints>
              <BranchPoints />
            </Method>
          </Methods>
        </Class>
      </Classes>
    </Module>
  </Modules>
</CoverageSession>